2024-11-16 17:55:30,339 Namespace(eval_interval=1, frequent=10, gpu=False, num_workers=4, out_dir='out')
2024-11-16 17:55:30,350 => load 200 samples
2024-11-16 17:55:30,352 => load 200 samples
2024-11-16 17:55:32,499 Epoch: [0][0/200]	Time 2.146s (2.146s)	Speed 14.9 samples/s	Data 1.481s (1.481s)	Loss 2.53597 (2.53597)
2024-11-16 17:55:37,222 Epoch: [0][10/200]	Time 0.505s (0.624s)	Speed 63.4 samples/s	Data 0.001s (0.136s)	Loss 2.05202 (2.26256)
2024-11-16 17:55:41,715 Epoch: [0][20/200]	Time 0.448s (0.541s)	Speed 71.4 samples/s	Data 0.001s (0.072s)	Loss 1.76550 (2.08464)
2024-11-16 17:55:46,288 Epoch: [0][30/200]	Time 0.442s (0.514s)	Speed 72.4 samples/s	Data 0.001s (0.049s)	Loss 1.51168 (1.93405)
2024-11-16 17:55:50,860 Epoch: [0][40/200]	Time 0.424s (0.500s)	Speed 75.5 samples/s	Data 0.001s (0.037s)	Loss 1.28993 (1.80072)
2024-11-16 17:55:55,582 Epoch: [0][50/200]	Time 0.459s (0.495s)	Speed 69.7 samples/s	Data 0.000s (0.030s)	Loss 1.09839 (1.68026)
2024-11-16 17:56:00,089 Epoch: [0][60/200]	Time 0.478s (0.487s)	Speed 67.0 samples/s	Data 0.001s (0.025s)	Loss 0.92881 (1.56886)
2024-11-16 17:56:04,634 Epoch: [0][70/200]	Time 0.460s (0.483s)	Speed 69.6 samples/s	Data 0.001s (0.022s)	Loss 0.77206 (1.46714)
2024-11-16 17:56:09,257 Epoch: [0][80/200]	Time 0.424s (0.480s)	Speed 75.5 samples/s	Data 0.001s (0.019s)	Loss 0.66069 (1.37383)
2024-11-16 17:56:13,849 Epoch: [0][90/200]	Time 0.458s (0.478s)	Speed 69.9 samples/s	Data 0.001s (0.017s)	Loss 0.58098 (1.28973)
2024-11-16 17:56:18,386 Epoch: [0][100/200]	Time 0.438s (0.476s)	Speed 73.1 samples/s	Data 0.001s (0.016s)	Loss 0.48759 (1.21398)
2024-11-16 17:56:22,990 Epoch: [0][110/200]	Time 0.473s (0.474s)	Speed 67.7 samples/s	Data 0.001s (0.014s)	Loss 0.41684 (1.14547)
2024-11-16 17:56:27,724 Epoch: [0][120/200]	Time 0.475s (0.474s)	Speed 67.4 samples/s	Data 0.001s (0.013s)	Loss 0.36569 (1.08368)
2024-11-16 17:56:32,551 Epoch: [0][130/200]	Time 0.495s (0.475s)	Speed 64.6 samples/s	Data 0.001s (0.012s)	Loss 0.34710 (1.02763)
2024-11-16 17:56:37,398 Epoch: [0][140/200]	Time 0.449s (0.475s)	Speed 71.3 samples/s	Data 0.001s (0.012s)	Loss 0.31034 (0.97776)
2024-11-16 17:56:42,242 Epoch: [0][150/200]	Time 0.465s (0.476s)	Speed 68.8 samples/s	Data 0.001s (0.011s)	Loss 0.28811 (0.93222)
2024-11-16 17:56:47,083 Epoch: [0][160/200]	Time 0.477s (0.477s)	Speed 67.1 samples/s	Data 0.002s (0.010s)	Loss 0.26920 (0.89116)
2024-11-16 17:56:51,932 Epoch: [0][170/200]	Time 0.479s (0.477s)	Speed 66.8 samples/s	Data 0.001s (0.010s)	Loss 0.25952 (0.85384)
2024-11-16 17:56:56,765 Epoch: [0][180/200]	Time 0.514s (0.477s)	Speed 62.3 samples/s	Data 0.001s (0.009s)	Loss 0.23178 (0.81992)
2024-11-16 17:57:01,715 Epoch: [0][190/200]	Time 0.489s (0.478s)	Speed 65.4 samples/s	Data 0.001s (0.009s)	Loss 0.20751 (0.78835)
2024-11-16 17:57:07,454 Test: [0/200]	Time 1.275 (1.275)	Loss 0.4936 (0.4936)
2024-11-16 17:57:08,033 Test: [10/200]	Time 0.035 (0.169)	Loss 0.1540 (0.3929)
2024-11-16 17:57:08,399 Test: [20/200]	Time 0.029 (0.106)	Loss 0.2945 (0.4076)
2024-11-16 17:57:08,781 Test: [30/200]	Time 0.035 (0.084)	Loss 0.6040 (0.4159)
2024-11-16 17:57:09,168 Test: [40/200]	Time 0.040 (0.073)	Loss 0.4398 (0.4320)
2024-11-16 17:57:09,560 Test: [50/200]	Time 0.043 (0.066)	Loss 0.5331 (0.4368)
2024-11-16 17:57:09,964 Test: [60/200]	Time 0.033 (0.062)	Loss 0.5083 (0.4381)
2024-11-16 17:57:10,363 Test: [70/200]	Time 0.033 (0.059)	Loss 0.4197 (0.4364)
2024-11-16 17:57:10,779 Test: [80/200]	Time 0.038 (0.057)	Loss 0.5220 (0.4308)
2024-11-16 17:57:11,198 Test: [90/200]	Time 0.035 (0.055)	Loss 0.5250 (0.4346)
2024-11-16 17:57:11,636 Test: [100/200]	Time 0.061 (0.054)	Loss 0.5328 (0.4329)
2024-11-16 17:57:12,049 Test: [110/200]	Time 0.035 (0.053)	Loss 0.5154 (0.4347)
2024-11-16 17:57:12,450 Test: [120/200]	Time 0.046 (0.052)	Loss 0.4915 (0.4325)
2024-11-16 17:57:12,869 Test: [130/200]	Time 0.039 (0.051)	Loss 0.4188 (0.4373)
2024-11-16 17:57:13,271 Test: [140/200]	Time 0.033 (0.050)	Loss 0.3864 (0.4360)
2024-11-16 17:57:13,691 Test: [150/200]	Time 0.044 (0.050)	Loss 0.4788 (0.4350)
2024-11-16 17:57:14,119 Test: [160/200]	Time 0.038 (0.049)	Loss 0.4644 (0.4346)
2024-11-16 17:57:14,553 Test: [170/200]	Time 0.041 (0.049)	Loss 0.3116 (0.4317)
2024-11-16 17:57:14,958 Test: [180/200]	Time 0.037 (0.049)	Loss 0.3479 (0.4294)
2024-11-16 17:57:15,367 Test: [190/200]	Time 0.036 (0.048)	Loss 0.3770 (0.4308)
2024-11-16 17:57:16,763 Mean IoU score: 0.166
2024-11-16 17:57:16,770 => saving checkpoint to out
2024-11-16 17:57:18,786 Epoch: [1][0/200]	Time 1.986s (1.986s)	Speed 16.1 samples/s	Data 1.309s (1.309s)	Loss 0.20076 (0.20076)
2024-11-16 17:57:24,894 Epoch: [1][10/200]	Time 0.630s (0.736s)	Speed 50.8 samples/s	Data 0.002s (0.120s)	Loss 0.20043 (0.20782)
2024-11-16 17:57:30,930 Epoch: [1][20/200]	Time 0.548s (0.673s)	Speed 58.4 samples/s	Data 0.001s (0.064s)	Loss 0.24978 (0.20398)
2024-11-16 17:57:36,536 Epoch: [1][30/200]	Time 0.565s (0.637s)	Speed 56.6 samples/s	Data 0.001s (0.043s)	Loss 0.16522 (0.20043)
2024-11-16 17:57:41,498 Epoch: [1][40/200]	Time 0.489s (0.602s)	Speed 65.4 samples/s	Data 0.001s (0.033s)	Loss 0.17621 (0.19505)
2024-11-16 17:57:46,667 Epoch: [1][50/200]	Time 0.529s (0.586s)	Speed 60.5 samples/s	Data 0.000s (0.027s)	Loss 0.15204 (0.19084)
2024-11-16 17:57:51,733 Epoch: [1][60/200]	Time 0.505s (0.573s)	Speed 63.4 samples/s	Data 0.002s (0.023s)	Loss 0.16266 (0.18680)
2024-11-16 17:57:56,832 Epoch: [1][70/200]	Time 0.510s (0.564s)	Speed 62.7 samples/s	Data 0.001s (0.020s)	Loss 0.15764 (0.18272)
2024-11-16 17:58:01,895 Epoch: [1][80/200]	Time 0.510s (0.557s)	Speed 62.7 samples/s	Data 0.001s (0.017s)	Loss 0.11820 (0.17792)
2024-11-16 17:58:06,988 Epoch: [1][90/200]	Time 0.510s (0.552s)	Speed 62.7 samples/s	Data 0.001s (0.016s)	Loss 0.13757 (0.17330)
2024-11-16 17:58:12,092 Epoch: [1][100/200]	Time 0.477s (0.547s)	Speed 67.1 samples/s	Data 0.001s (0.014s)	Loss 0.12940 (0.17032)
2024-11-16 17:58:17,235 Epoch: [1][110/200]	Time 0.544s (0.544s)	Speed 58.8 samples/s	Data 0.002s (0.013s)	Loss 0.12083 (0.16699)
2024-11-16 17:58:22,410 Epoch: [1][120/200]	Time 0.507s (0.542s)	Speed 63.1 samples/s	Data 0.001s (0.012s)	Loss 0.10686 (0.16293)
2024-11-16 17:58:27,603 Epoch: [1][130/200]	Time 0.493s (0.540s)	Speed 64.9 samples/s	Data 0.001s (0.011s)	Loss 0.10249 (0.15915)
2024-11-16 17:58:32,801 Epoch: [1][140/200]	Time 0.516s (0.539s)	Speed 62.0 samples/s	Data 0.002s (0.010s)	Loss 0.12451 (0.15569)
2024-11-16 17:58:38,089 Epoch: [1][150/200]	Time 0.526s (0.538s)	Speed 60.8 samples/s	Data 0.001s (0.010s)	Loss 0.09236 (0.15226)
2024-11-16 17:58:43,418 Epoch: [1][160/200]	Time 0.536s (0.538s)	Speed 59.7 samples/s	Data 0.001s (0.009s)	Loss 0.10581 (0.14920)
2024-11-16 17:58:48,746 Epoch: [1][170/200]	Time 0.539s (0.538s)	Speed 59.4 samples/s	Data 0.001s (0.009s)	Loss 0.09176 (0.14627)
2024-11-16 17:58:54,177 Epoch: [1][180/200]	Time 0.526s (0.538s)	Speed 60.8 samples/s	Data 0.001s (0.008s)	Loss 0.09658 (0.14341)
2024-11-16 17:58:59,687 Epoch: [1][190/200]	Time 0.614s (0.539s)	Speed 52.1 samples/s	Data 0.001s (0.008s)	Loss 0.09351 (0.14065)
2024-11-16 17:59:06,076 Test: [0/200]	Time 1.299 (1.299)	Loss 0.2380 (0.2380)
2024-11-16 17:59:06,469 Test: [10/200]	Time 0.044 (0.154)	Loss 0.0583 (0.1760)
2024-11-16 17:59:06,927 Test: [20/200]	Time 0.048 (0.102)	Loss 0.1298 (0.1778)
2024-11-16 17:59:07,394 Test: [30/200]	Time 0.048 (0.084)	Loss 0.2648 (0.1867)
2024-11-16 17:59:07,849 Test: [40/200]	Time 0.047 (0.075)	Loss 0.1722 (0.1941)
2024-11-16 17:59:08,339 Test: [50/200]	Time 0.051 (0.070)	Loss 0.2535 (0.1947)
2024-11-16 17:59:08,836 Test: [60/200]	Time 0.047 (0.067)	Loss 0.2306 (0.1963)
2024-11-16 17:59:09,311 Test: [70/200]	Time 0.045 (0.064)	Loss 0.1714 (0.1960)
2024-11-16 17:59:09,775 Test: [80/200]	Time 0.043 (0.062)	Loss 0.2613 (0.1934)
2024-11-16 17:59:10,242 Test: [90/200]	Time 0.037 (0.060)	Loss 0.2580 (0.1955)
2024-11-16 17:59:10,726 Test: [100/200]	Time 0.041 (0.059)	Loss 0.2730 (0.1943)
2024-11-16 17:59:11,203 Test: [110/200]	Time 0.048 (0.058)	Loss 0.2556 (0.1947)
2024-11-16 17:59:11,690 Test: [120/200]	Time 0.045 (0.057)	Loss 0.2290 (0.1933)
2024-11-16 17:59:12,156 Test: [130/200]	Time 0.045 (0.056)	Loss 0.1685 (0.1955)
2024-11-16 17:59:12,612 Test: [140/200]	Time 0.044 (0.056)	Loss 0.1745 (0.1950)
2024-11-16 17:59:13,101 Test: [150/200]	Time 0.040 (0.055)	Loss 0.1994 (0.1939)
2024-11-16 17:59:13,571 Test: [160/200]	Time 0.038 (0.055)	Loss 0.2203 (0.1937)
2024-11-16 17:59:14,022 Test: [170/200]	Time 0.052 (0.054)	Loss 0.1334 (0.1920)
2024-11-16 17:59:14,491 Test: [180/200]	Time 0.053 (0.054)	Loss 0.1455 (0.1909)
2024-11-16 17:59:14,979 Test: [190/200]	Time 0.052 (0.053)	Loss 0.1281 (0.1916)
2024-11-16 17:59:16,444 Mean IoU score: 0.597
2024-11-16 17:59:16,450 => saving checkpoint to out
2024-11-16 17:59:18,756 Epoch: [2][0/200]	Time 2.283s (2.283s)	Speed 14.0 samples/s	Data 1.572s (1.572s)	Loss 0.07133 (0.07133)
2024-11-16 17:59:24,335 Epoch: [2][10/200]	Time 0.534s (0.715s)	Speed 59.9 samples/s	Data 0.001s (0.144s)	Loss 0.08122 (0.08209)
2024-11-16 17:59:30,074 Epoch: [2][20/200]	Time 0.553s (0.648s)	Speed 57.9 samples/s	Data 0.001s (0.076s)	Loss 0.07769 (0.07874)
2024-11-16 17:59:35,660 Epoch: [2][30/200]	Time 0.581s (0.619s)	Speed 55.1 samples/s	Data 0.001s (0.052s)	Loss 0.06742 (0.07575)
2024-11-16 17:59:41,334 Epoch: [2][40/200]	Time 0.597s (0.606s)	Speed 53.6 samples/s	Data 0.001s (0.039s)	Loss 0.06682 (0.07499)
2024-11-16 17:59:47,058 Epoch: [2][50/200]	Time 0.576s (0.600s)	Speed 55.6 samples/s	Data 0.001s (0.032s)	Loss 0.06004 (0.07339)
2024-11-16 17:59:52,814 Epoch: [2][60/200]	Time 0.546s (0.596s)	Speed 58.6 samples/s	Data 0.001s (0.027s)	Loss 0.05844 (0.07197)
2024-11-16 17:59:58,891 Epoch: [2][70/200]	Time 0.725s (0.597s)	Speed 44.1 samples/s	Data 0.002s (0.023s)	Loss 0.07175 (0.07046)
2024-11-16 18:00:05,173 Epoch: [2][80/200]	Time 0.581s (0.601s)	Speed 55.1 samples/s	Data 0.002s (0.021s)	Loss 0.06081 (0.06927)
2024-11-16 18:00:11,492 Epoch: [2][90/200]	Time 0.563s (0.605s)	Speed 56.8 samples/s	Data 0.002s (0.018s)	Loss 0.05239 (0.06790)
2024-11-16 18:00:17,254 Epoch: [2][100/200]	Time 0.588s (0.602s)	Speed 54.4 samples/s	Data 0.001s (0.017s)	Loss 0.06007 (0.06652)
2024-11-16 18:00:22,943 Epoch: [2][110/200]	Time 0.578s (0.599s)	Speed 55.4 samples/s	Data 0.001s (0.015s)	Loss 0.05226 (0.06588)
2024-11-16 18:00:28,810 Epoch: [2][120/200]	Time 0.571s (0.598s)	Speed 56.0 samples/s	Data 0.002s (0.014s)	Loss 0.05647 (0.06476)
2024-11-16 18:00:34,631 Epoch: [2][130/200]	Time 0.556s (0.597s)	Speed 57.6 samples/s	Data 0.001s (0.013s)	Loss 0.05675 (0.06380)
2024-11-16 18:00:40,803 Epoch: [2][140/200]	Time 0.564s (0.598s)	Speed 56.7 samples/s	Data 0.001s (0.012s)	Loss 0.05918 (0.06303)
2024-11-16 18:00:46,488 Epoch: [2][150/200]	Time 0.570s (0.596s)	Speed 56.1 samples/s	Data 0.001s (0.012s)	Loss 0.04421 (0.06241)
2024-11-16 18:00:52,281 Epoch: [2][160/200]	Time 0.597s (0.595s)	Speed 53.6 samples/s	Data 0.001s (0.011s)	Loss 0.04097 (0.06147)
2024-11-16 18:00:57,919 Epoch: [2][170/200]	Time 0.576s (0.593s)	Speed 55.6 samples/s	Data 0.001s (0.010s)	Loss 0.04716 (0.06059)
2024-11-16 18:01:03,714 Epoch: [2][180/200]	Time 0.564s (0.592s)	Speed 56.7 samples/s	Data 0.001s (0.010s)	Loss 0.04365 (0.05964)
2024-11-16 18:01:09,489 Epoch: [2][190/200]	Time 0.568s (0.592s)	Speed 56.3 samples/s	Data 0.000s (0.009s)	Loss 0.05164 (0.05886)
2024-11-16 18:01:16,346 Test: [0/200]	Time 1.361 (1.361)	Loss 0.1115 (0.1115)
2024-11-16 18:01:16,751 Test: [10/200]	Time 0.034 (0.160)	Loss 0.0282 (0.1045)
2024-11-16 18:01:17,232 Test: [20/200]	Time 0.051 (0.107)	Loss 0.0784 (0.1098)
2024-11-16 18:01:17,710 Test: [30/200]	Time 0.038 (0.088)	Loss 0.1686 (0.1162)
2024-11-16 18:01:18,205 Test: [40/200]	Time 0.051 (0.079)	Loss 0.1125 (0.1202)
2024-11-16 18:01:18,708 Test: [50/200]	Time 0.049 (0.073)	Loss 0.1565 (0.1206)
2024-11-16 18:01:19,288 Test: [60/200]	Time 0.058 (0.071)	Loss 0.1389 (0.1239)
2024-11-16 18:01:19,864 Test: [70/200]	Time 0.056 (0.069)	Loss 0.1137 (0.1236)
2024-11-16 18:01:20,462 Test: [80/200]	Time 0.052 (0.068)	Loss 0.1357 (0.1216)
2024-11-16 18:01:20,995 Test: [90/200]	Time 0.047 (0.066)	Loss 0.1644 (0.1236)
2024-11-16 18:01:21,532 Test: [100/200]	Time 0.050 (0.065)	Loss 0.1673 (0.1229)
2024-11-16 18:01:22,011 Test: [110/200]	Time 0.047 (0.063)	Loss 0.1799 (0.1237)
2024-11-16 18:01:22,521 Test: [120/200]	Time 0.053 (0.062)	Loss 0.1458 (0.1222)
2024-11-16 18:01:23,042 Test: [130/200]	Time 0.043 (0.062)	Loss 0.1241 (0.1233)
2024-11-16 18:01:23,548 Test: [140/200]	Time 0.054 (0.061)	Loss 0.0894 (0.1226)
2024-11-16 18:01:24,037 Test: [150/200]	Time 0.047 (0.060)	Loss 0.1119 (0.1216)
2024-11-16 18:01:24,563 Test: [160/200]	Time 0.073 (0.059)	Loss 0.1345 (0.1212)
2024-11-16 18:01:25,067 Test: [170/200]	Time 0.044 (0.059)	Loss 0.1182 (0.1202)
2024-11-16 18:01:25,578 Test: [180/200]	Time 0.047 (0.059)	Loss 0.1049 (0.1193)
2024-11-16 18:01:26,100 Test: [190/200]	Time 0.049 (0.058)	Loss 0.0842 (0.1195)
2024-11-16 18:01:27,623 Mean IoU score: 0.738
2024-11-16 18:01:27,631 => saving checkpoint to out
2024-11-16 18:01:30,125 Epoch: [3][0/200]	Time 2.470s (2.470s)	Speed 13.0 samples/s	Data 1.705s (1.705s)	Loss 0.03857 (0.03857)
2024-11-16 18:01:35,887 Epoch: [3][10/200]	Time 0.587s (0.748s)	Speed 54.5 samples/s	Data 0.001s (0.156s)	Loss 0.04109 (0.04112)
2024-11-16 18:01:41,655 Epoch: [3][20/200]	Time 0.547s (0.667s)	Speed 58.5 samples/s	Data 0.001s (0.082s)	Loss 0.06060 (0.04019)
2024-11-16 18:01:47,350 Epoch: [3][30/200]	Time 0.598s (0.635s)	Speed 53.5 samples/s	Data 0.001s (0.056s)	Loss 0.02721 (0.03945)
2024-11-16 18:01:52,998 Epoch: [3][40/200]	Time 0.523s (0.618s)	Speed 61.2 samples/s	Data 0.002s (0.043s)	Loss 0.03565 (0.03904)
2024-11-16 18:01:58,714 Epoch: [3][50/200]	Time 0.578s (0.609s)	Speed 55.4 samples/s	Data 0.001s (0.035s)	Loss 0.03003 (0.03815)
2024-11-16 18:02:04,354 Epoch: [3][60/200]	Time 0.533s (0.602s)	Speed 60.0 samples/s	Data 0.001s (0.029s)	Loss 0.03151 (0.03741)
2024-11-16 18:02:09,976 Epoch: [3][70/200]	Time 0.588s (0.596s)	Speed 54.4 samples/s	Data 0.001s (0.025s)	Loss 0.03515 (0.03704)
2024-11-16 18:02:15,548 Epoch: [3][80/200]	Time 0.585s (0.591s)	Speed 54.7 samples/s	Data 0.001s (0.022s)	Loss 0.02676 (0.03675)
2024-11-16 18:02:21,483 Epoch: [3][90/200]	Time 0.572s (0.592s)	Speed 55.9 samples/s	Data 0.001s (0.020s)	Loss 0.03076 (0.03640)
2024-11-16 18:02:27,215 Epoch: [3][100/200]	Time 0.558s (0.590s)	Speed 57.3 samples/s	Data 0.001s (0.018s)	Loss 0.03410 (0.03617)
2024-11-16 18:02:32,985 Epoch: [3][110/200]	Time 0.644s (0.589s)	Speed 49.7 samples/s	Data 0.002s (0.017s)	Loss 0.02854 (0.03590)
2024-11-16 18:02:38,777 Epoch: [3][120/200]	Time 0.582s (0.588s)	Speed 55.0 samples/s	Data 0.001s (0.015s)	Loss 0.03936 (0.03571)
2024-11-16 18:02:44,810 Epoch: [3][130/200]	Time 0.688s (0.589s)	Speed 46.5 samples/s	Data 0.001s (0.014s)	Loss 0.03392 (0.03554)
2024-11-16 18:02:50,630 Epoch: [3][140/200]	Time 0.546s (0.588s)	Speed 58.6 samples/s	Data 0.001s (0.013s)	Loss 0.03335 (0.03532)
2024-11-16 18:02:56,271 Epoch: [3][150/200]	Time 0.551s (0.587s)	Speed 58.1 samples/s	Data 0.001s (0.012s)	Loss 0.02839 (0.03527)
2024-11-16 18:03:02,005 Epoch: [3][160/200]	Time 0.565s (0.586s)	Speed 56.7 samples/s	Data 0.001s (0.012s)	Loss 0.03057 (0.03530)
2024-11-16 18:03:07,685 Epoch: [3][170/200]	Time 0.562s (0.585s)	Speed 56.9 samples/s	Data 0.001s (0.011s)	Loss 0.03951 (0.03520)
2024-11-16 18:03:13,985 Epoch: [3][180/200]	Time 0.794s (0.587s)	Speed 40.3 samples/s	Data 0.002s (0.011s)	Loss 0.03325 (0.03496)
2024-11-16 18:03:20,114 Epoch: [3][190/200]	Time 0.624s (0.589s)	Speed 51.3 samples/s	Data 0.002s (0.010s)	Loss 0.02574 (0.03476)
2024-11-16 18:03:27,502 Test: [0/200]	Time 1.475 (1.475)	Loss 0.1315 (0.1315)
2024-11-16 18:03:27,971 Test: [10/200]	Time 0.049 (0.177)	Loss 0.0252 (0.0971)
2024-11-16 18:03:28,435 Test: [20/200]	Time 0.042 (0.115)	Loss 0.0549 (0.1042)
2024-11-16 18:03:28,921 Test: [30/200]	Time 0.049 (0.093)	Loss 0.1574 (0.1095)
2024-11-16 18:03:29,430 Test: [40/200]	Time 0.046 (0.083)	Loss 0.0928 (0.1145)
2024-11-16 18:03:29,893 Test: [50/200]	Time 0.053 (0.076)	Loss 0.1651 (0.1140)
2024-11-16 18:03:30,359 Test: [60/200]	Time 0.045 (0.071)	Loss 0.1410 (0.1167)
2024-11-16 18:03:30,869 Test: [70/200]	Time 0.040 (0.068)	Loss 0.1153 (0.1170)
2024-11-16 18:03:31,312 Test: [80/200]	Time 0.047 (0.065)	Loss 0.1211 (0.1139)
2024-11-16 18:03:31,882 Test: [90/200]	Time 0.053 (0.064)	Loss 0.1774 (0.1168)
2024-11-16 18:03:32,374 Test: [100/200]	Time 0.042 (0.063)	Loss 0.1558 (0.1164)
2024-11-16 18:03:32,849 Test: [110/200]	Time 0.039 (0.061)	Loss 0.1810 (0.1177)
2024-11-16 18:03:33,343 Test: [120/200]	Time 0.041 (0.060)	Loss 0.1360 (0.1161)
2024-11-16 18:03:33,817 Test: [130/200]	Time 0.038 (0.059)	Loss 0.1323 (0.1172)
2024-11-16 18:03:34,272 Test: [140/200]	Time 0.040 (0.058)	Loss 0.1318 (0.1164)
2024-11-16 18:03:34,722 Test: [150/200]	Time 0.038 (0.058)	Loss 0.0850 (0.1152)
2024-11-16 18:03:35,196 Test: [160/200]	Time 0.044 (0.057)	Loss 0.1124 (0.1149)
2024-11-16 18:03:35,658 Test: [170/200]	Time 0.050 (0.056)	Loss 0.1192 (0.1141)
2024-11-16 18:03:36,169 Test: [180/200]	Time 0.044 (0.056)	Loss 0.1033 (0.1133)
2024-11-16 18:03:36,632 Test: [190/200]	Time 0.044 (0.056)	Loss 0.0753 (0.1132)
2024-11-16 18:03:38,119 Mean IoU score: 0.739
2024-11-16 18:03:38,126 => saving checkpoint to out
2024-11-16 18:03:40,539 Epoch: [4][0/200]	Time 2.390s (2.390s)	Speed 13.4 samples/s	Data 1.589s (1.589s)	Loss 0.03403 (0.03403)
2024-11-16 18:03:46,197 Epoch: [4][10/200]	Time 0.556s (0.732s)	Speed 57.6 samples/s	Data 0.001s (0.145s)	Loss 0.02531 (0.02888)
2024-11-16 18:03:51,876 Epoch: [4][20/200]	Time 0.569s (0.654s)	Speed 56.2 samples/s	Data 0.001s (0.077s)	Loss 0.02399 (0.02758)
2024-11-16 18:03:57,680 Epoch: [4][30/200]	Time 0.589s (0.630s)	Speed 54.3 samples/s	Data 0.000s (0.052s)	Loss 0.02295 (0.02707)
2024-11-16 18:04:05,528 Epoch: [4][40/200]	Time 0.580s (0.668s)	Speed 55.2 samples/s	Data 0.001s (0.040s)	Loss 0.02373 (0.02721)
2024-11-16 18:04:11,549 Epoch: [4][50/200]	Time 0.592s (0.655s)	Speed 54.1 samples/s	Data 0.001s (0.032s)	Loss 0.02279 (0.02680)
2024-11-16 18:04:17,495 Epoch: [4][60/200]	Time 0.651s (0.645s)	Speed 49.2 samples/s	Data 0.002s (0.027s)	Loss 0.02046 (0.02625)
2024-11-16 18:04:23,580 Epoch: [4][70/200]	Time 0.639s (0.640s)	Speed 50.1 samples/s	Data 0.001s (0.024s)	Loss 0.02560 (0.02623)
2024-11-16 18:04:29,852 Epoch: [4][80/200]	Time 0.593s (0.638s)	Speed 54.0 samples/s	Data 0.001s (0.021s)	Loss 0.02379 (0.02598)
2024-11-16 18:04:35,897 Epoch: [4][90/200]	Time 0.607s (0.635s)	Speed 52.7 samples/s	Data 0.001s (0.019s)	Loss 0.02619 (0.02569)
2024-11-16 18:04:41,843 Epoch: [4][100/200]	Time 0.576s (0.631s)	Speed 55.6 samples/s	Data 0.001s (0.017s)	Loss 0.02456 (0.02565)
2024-11-16 18:04:47,908 Epoch: [4][110/200]	Time 0.606s (0.628s)	Speed 52.8 samples/s	Data 0.001s (0.016s)	Loss 0.02554 (0.02570)
2024-11-16 18:04:53,918 Epoch: [4][120/200]	Time 0.607s (0.626s)	Speed 52.7 samples/s	Data 0.001s (0.014s)	Loss 0.02705 (0.02559)
2024-11-16 18:05:00,037 Epoch: [4][130/200]	Time 0.591s (0.625s)	Speed 54.1 samples/s	Data 0.002s (0.013s)	Loss 0.02294 (0.02551)
2024-11-16 18:05:06,114 Epoch: [4][140/200]	Time 0.586s (0.624s)	Speed 54.6 samples/s	Data 0.001s (0.013s)	Loss 0.02318 (0.02555)
2024-11-16 18:05:12,164 Epoch: [4][150/200]	Time 0.622s (0.623s)	Speed 51.4 samples/s	Data 0.001s (0.012s)	Loss 0.01997 (0.02546)
2024-11-16 18:05:18,251 Epoch: [4][160/200]	Time 0.722s (0.622s)	Speed 44.3 samples/s	Data 0.000s (0.011s)	Loss 0.02198 (0.02522)
2024-11-16 18:05:24,617 Epoch: [4][170/200]	Time 0.612s (0.623s)	Speed 52.3 samples/s	Data 0.001s (0.011s)	Loss 0.01896 (0.02509)
2024-11-16 18:05:30,607 Epoch: [4][180/200]	Time 0.606s (0.621s)	Speed 52.8 samples/s	Data 0.001s (0.010s)	Loss 0.03783 (0.02507)
2024-11-16 18:05:37,019 Epoch: [4][190/200]	Time 0.649s (0.622s)	Speed 49.3 samples/s	Data 0.000s (0.010s)	Loss 0.02460 (0.02497)
2024-11-16 18:05:44,571 Test: [0/200]	Time 1.717 (1.717)	Loss 0.0991 (0.0991)
2024-11-16 18:05:45,007 Test: [10/200]	Time 0.047 (0.196)	Loss 0.0219 (0.0727)
2024-11-16 18:05:45,527 Test: [20/200]	Time 0.051 (0.127)	Loss 0.0474 (0.0728)
2024-11-16 18:05:46,099 Test: [30/200]	Time 0.053 (0.105)	Loss 0.1448 (0.0796)
2024-11-16 18:05:46,657 Test: [40/200]	Time 0.052 (0.093)	Loss 0.0537 (0.0811)
2024-11-16 18:05:47,176 Test: [50/200]	Time 0.050 (0.085)	Loss 0.1062 (0.0806)
2024-11-16 18:05:47,730 Test: [60/200]	Time 0.055 (0.080)	Loss 0.1110 (0.0834)
2024-11-16 18:05:48,241 Test: [70/200]	Time 0.050 (0.076)	Loss 0.0754 (0.0825)
2024-11-16 18:05:48,767 Test: [80/200]	Time 0.053 (0.073)	Loss 0.1026 (0.0808)
2024-11-16 18:05:49,302 Test: [90/200]	Time 0.051 (0.071)	Loss 0.1007 (0.0823)
2024-11-16 18:05:49,798 Test: [100/200]	Time 0.040 (0.069)	Loss 0.1419 (0.0822)
2024-11-16 18:05:50,333 Test: [110/200]	Time 0.052 (0.067)	Loss 0.1357 (0.0827)
2024-11-16 18:05:50,846 Test: [120/200]	Time 0.064 (0.066)	Loss 0.0987 (0.0818)
2024-11-16 18:05:51,365 Test: [130/200]	Time 0.049 (0.065)	Loss 0.0797 (0.0823)
2024-11-16 18:05:51,895 Test: [140/200]	Time 0.054 (0.064)	Loss 0.0670 (0.0819)
2024-11-16 18:05:52,422 Test: [150/200]	Time 0.044 (0.063)	Loss 0.0624 (0.0806)
2024-11-16 18:05:52,943 Test: [160/200]	Time 0.051 (0.063)	Loss 0.0852 (0.0803)
2024-11-16 18:05:53,451 Test: [170/200]	Time 0.053 (0.062)	Loss 0.0641 (0.0797)
2024-11-16 18:05:53,967 Test: [180/200]	Time 0.052 (0.061)	Loss 0.0552 (0.0789)
2024-11-16 18:05:54,484 Test: [190/200]	Time 0.054 (0.061)	Loss 0.0423 (0.0789)
2024-11-16 18:05:56,110 Mean IoU score: 0.813
2024-11-16 18:05:56,117 => saving checkpoint to out
2024-11-16 18:05:58,605 Epoch: [5][0/200]	Time 2.466s (2.466s)	Speed 13.0 samples/s	Data 1.676s (1.676s)	Loss 0.01843 (0.01843)
2024-11-16 18:06:04,586 Epoch: [5][10/200]	Time 0.585s (0.768s)	Speed 54.7 samples/s	Data 0.001s (0.153s)	Loss 0.01701 (0.02028)
2024-11-16 18:06:10,652 Epoch: [5][20/200]	Time 0.608s (0.691s)	Speed 52.6 samples/s	Data 0.001s (0.081s)	Loss 0.02058 (0.02083)
2024-11-16 18:06:16,613 Epoch: [5][30/200]	Time 0.598s (0.660s)	Speed 53.5 samples/s	Data 0.001s (0.055s)	Loss 0.02526 (0.02062)
2024-11-16 18:06:22,695 Epoch: [5][40/200]	Time 0.646s (0.648s)	Speed 49.5 samples/s	Data 0.001s (0.042s)	Loss 0.01873 (0.02037)
2024-11-16 18:06:29,341 Epoch: [5][50/200]	Time 0.644s (0.651s)	Speed 49.7 samples/s	Data 0.001s (0.034s)	Loss 0.02157 (0.02016)
2024-11-16 18:06:36,071 Epoch: [5][60/200]	Time 0.683s (0.655s)	Speed 46.9 samples/s	Data 0.001s (0.029s)	Loss 0.01414 (0.01978)
2024-11-16 18:06:41,786 Epoch: [5][70/200]	Time 0.583s (0.643s)	Speed 54.9 samples/s	Data 0.001s (0.025s)	Loss 0.01737 (0.01952)
2024-11-16 18:06:47,264 Epoch: [5][80/200]	Time 0.531s (0.631s)	Speed 60.3 samples/s	Data 0.001s (0.022s)	Loss 0.01810 (0.01933)
2024-11-16 18:06:52,761 Epoch: [5][90/200]	Time 0.534s (0.622s)	Speed 59.9 samples/s	Data 0.001s (0.020s)	Loss 0.01385 (0.01927)
2024-11-16 18:06:58,383 Epoch: [5][100/200]	Time 0.514s (0.616s)	Speed 62.3 samples/s	Data 0.001s (0.018s)	Loss 0.02029 (0.01919)
2024-11-16 18:07:03,790 Epoch: [5][110/200]	Time 0.550s (0.609s)	Speed 58.2 samples/s	Data 0.001s (0.016s)	Loss 0.02077 (0.01917)
2024-11-16 18:07:09,299 Epoch: [5][120/200]	Time 0.588s (0.605s)	Speed 54.4 samples/s	Data 0.001s (0.015s)	Loss 0.01697 (0.01902)
2024-11-16 18:07:14,782 Epoch: [5][130/200]	Time 0.555s (0.600s)	Speed 57.7 samples/s	Data 0.001s (0.014s)	Loss 0.02346 (0.01911)
2024-11-16 18:07:20,264 Epoch: [5][140/200]	Time 0.566s (0.597s)	Speed 56.5 samples/s	Data 0.001s (0.013s)	Loss 0.01993 (0.01913)
2024-11-16 18:07:26,106 Epoch: [5][150/200]	Time 0.569s (0.596s)	Speed 56.2 samples/s	Data 0.001s (0.012s)	Loss 0.02396 (0.01912)
2024-11-16 18:07:31,674 Epoch: [5][160/200]	Time 0.527s (0.593s)	Speed 60.7 samples/s	Data 0.002s (0.012s)	Loss 0.01968 (0.01903)
2024-11-16 18:07:37,258 Epoch: [5][170/200]	Time 0.546s (0.591s)	Speed 58.6 samples/s	Data 0.001s (0.011s)	Loss 0.01813 (0.01899)
2024-11-16 18:07:42,773 Epoch: [5][180/200]	Time 0.558s (0.589s)	Speed 57.3 samples/s	Data 0.001s (0.010s)	Loss 0.01861 (0.01907)
2024-11-16 18:07:48,276 Epoch: [5][190/200]	Time 0.571s (0.587s)	Speed 56.0 samples/s	Data 0.001s (0.010s)	Loss 0.01693 (0.01914)
2024-11-16 18:07:55,297 Test: [0/200]	Time 1.283 (1.283)	Loss 0.1149 (0.1149)
2024-11-16 18:07:55,662 Test: [10/200]	Time 0.034 (0.150)	Loss 0.0514 (0.0901)
2024-11-16 18:07:56,097 Test: [20/200]	Time 0.044 (0.099)	Loss 0.0823 (0.0896)
2024-11-16 18:07:56,557 Test: [30/200]	Time 0.049 (0.082)	Loss 0.1447 (0.1010)
2024-11-16 18:07:57,001 Test: [40/200]	Time 0.042 (0.073)	Loss 0.0688 (0.1036)
2024-11-16 18:07:57,419 Test: [50/200]	Time 0.039 (0.067)	Loss 0.1413 (0.1039)
2024-11-16 18:07:57,875 Test: [60/200]	Time 0.045 (0.063)	Loss 0.1140 (0.1045)
2024-11-16 18:07:58,367 Test: [70/200]	Time 0.048 (0.061)	Loss 0.0976 (0.1060)
2024-11-16 18:07:58,818 Test: [80/200]	Time 0.044 (0.059)	Loss 0.2103 (0.1047)
2024-11-16 18:07:59,273 Test: [90/200]	Time 0.047 (0.058)	Loss 0.1200 (0.1080)
2024-11-16 18:07:59,708 Test: [100/200]	Time 0.037 (0.056)	Loss 0.1936 (0.1068)
2024-11-16 18:08:00,159 Test: [110/200]	Time 0.048 (0.055)	Loss 0.1912 (0.1077)
2024-11-16 18:08:00,599 Test: [120/200]	Time 0.036 (0.054)	Loss 0.1118 (0.1053)
2024-11-16 18:08:01,063 Test: [130/200]	Time 0.039 (0.054)	Loss 0.0668 (0.1068)
2024-11-16 18:08:01,523 Test: [140/200]	Time 0.044 (0.053)	Loss 0.1505 (0.1065)
2024-11-16 18:08:01,977 Test: [150/200]	Time 0.040 (0.053)	Loss 0.0992 (0.1047)
2024-11-16 18:08:02,434 Test: [160/200]	Time 0.046 (0.052)	Loss 0.1148 (0.1047)
2024-11-16 18:08:02,893 Test: [170/200]	Time 0.045 (0.052)	Loss 0.1380 (0.1038)
2024-11-16 18:08:03,358 Test: [180/200]	Time 0.035 (0.052)	Loss 0.0754 (0.1027)
2024-11-16 18:08:03,806 Test: [190/200]	Time 0.040 (0.051)	Loss 0.0457 (0.1022)
2024-11-16 18:08:05,264 Mean IoU score: 0.765
2024-11-16 18:08:05,272 => saving checkpoint to out
2024-11-16 18:08:07,586 Epoch: [6][0/200]	Time 2.298s (2.298s)	Speed 13.9 samples/s	Data 1.582s (1.582s)	Loss 0.01856 (0.01856)
2024-11-16 18:08:13,093 Epoch: [6][10/200]	Time 0.557s (0.709s)	Speed 57.5 samples/s	Data 0.001s (0.145s)	Loss 0.02143 (0.01801)
2024-11-16 18:08:18,873 Epoch: [6][20/200]	Time 0.566s (0.647s)	Speed 56.5 samples/s	Data 0.001s (0.077s)	Loss 0.01597 (0.01857)
2024-11-16 18:08:24,463 Epoch: [6][30/200]	Time 0.546s (0.619s)	Speed 58.6 samples/s	Data 0.001s (0.052s)	Loss 0.01708 (0.01832)
2024-11-16 18:08:29,900 Epoch: [6][40/200]	Time 0.510s (0.600s)	Speed 62.7 samples/s	Data 0.001s (0.040s)	Loss 0.01836 (0.01805)
2024-11-16 18:08:35,388 Epoch: [6][50/200]	Time 0.524s (0.590s)	Speed 61.1 samples/s	Data 0.002s (0.032s)	Loss 0.01629 (0.01786)
2024-11-16 18:08:40,892 Epoch: [6][60/200]	Time 0.571s (0.584s)	Speed 56.0 samples/s	Data 0.002s (0.027s)	Loss 0.01463 (0.01754)
2024-11-16 18:08:46,239 Epoch: [6][70/200]	Time 0.522s (0.577s)	Speed 61.3 samples/s	Data 0.001s (0.024s)	Loss 0.01401 (0.01723)
2024-11-16 18:08:51,700 Epoch: [6][80/200]	Time 0.553s (0.573s)	Speed 57.9 samples/s	Data 0.002s (0.021s)	Loss 0.01436 (0.01708)
2024-11-16 18:08:57,245 Epoch: [6][90/200]	Time 0.575s (0.571s)	Speed 55.7 samples/s	Data 0.001s (0.019s)	Loss 0.01664 (0.01690)
2024-11-16 18:09:02,681 Epoch: [6][100/200]	Time 0.571s (0.568s)	Speed 56.0 samples/s	Data 0.001s (0.017s)	Loss 0.01548 (0.01682)
2024-11-16 18:09:08,190 Epoch: [6][110/200]	Time 0.566s (0.567s)	Speed 56.5 samples/s	Data 0.001s (0.015s)	Loss 0.01296 (0.01665)
2024-11-16 18:09:13,583 Epoch: [6][120/200]	Time 0.547s (0.564s)	Speed 58.5 samples/s	Data 0.002s (0.014s)	Loss 0.01628 (0.01652)
2024-11-16 18:09:19,135 Epoch: [6][130/200]	Time 0.576s (0.564s)	Speed 55.6 samples/s	Data 0.002s (0.013s)	Loss 0.01181 (0.01634)
2024-11-16 18:09:24,564 Epoch: [6][140/200]	Time 0.553s (0.562s)	Speed 57.9 samples/s	Data 0.002s (0.012s)	Loss 0.01377 (0.01624)
2024-11-16 18:09:30,384 Epoch: [6][150/200]	Time 0.543s (0.564s)	Speed 58.9 samples/s	Data 0.001s (0.012s)	Loss 0.01617 (0.01617)
2024-11-16 18:09:35,827 Epoch: [6][160/200]	Time 0.513s (0.562s)	Speed 62.4 samples/s	Data 0.002s (0.011s)	Loss 0.01945 (0.01619)
2024-11-16 18:09:41,147 Epoch: [6][170/200]	Time 0.544s (0.561s)	Speed 58.8 samples/s	Data 0.001s (0.010s)	Loss 0.01559 (0.01612)
2024-11-16 18:09:46,595 Epoch: [6][180/200]	Time 0.539s (0.560s)	Speed 59.4 samples/s	Data 0.001s (0.010s)	Loss 0.01133 (0.01611)
2024-11-16 18:09:52,070 Epoch: [6][190/200]	Time 0.563s (0.559s)	Speed 56.8 samples/s	Data 0.000s (0.010s)	Loss 0.01578 (0.01606)
2024-11-16 18:09:58,432 Test: [0/200]	Time 1.339 (1.339)	Loss 0.0734 (0.0734)
2024-11-16 18:09:58,845 Test: [10/200]	Time 0.042 (0.159)	Loss 0.0145 (0.0578)
2024-11-16 18:09:59,262 Test: [20/200]	Time 0.042 (0.103)	Loss 0.0350 (0.0624)
2024-11-16 18:09:59,732 Test: [30/200]	Time 0.035 (0.085)	Loss 0.0735 (0.0650)
2024-11-16 18:10:00,200 Test: [40/200]	Time 0.049 (0.076)	Loss 0.0569 (0.0659)
2024-11-16 18:10:00,653 Test: [50/200]	Time 0.044 (0.070)	Loss 0.1194 (0.0663)
2024-11-16 18:10:01,106 Test: [60/200]	Time 0.040 (0.066)	Loss 0.0898 (0.0677)
2024-11-16 18:10:01,549 Test: [70/200]	Time 0.041 (0.063)	Loss 0.0518 (0.0669)
2024-11-16 18:10:02,005 Test: [80/200]	Time 0.049 (0.061)	Loss 0.0733 (0.0653)
2024-11-16 18:10:02,445 Test: [90/200]	Time 0.048 (0.059)	Loss 0.1017 (0.0674)
2024-11-16 18:10:02,903 Test: [100/200]	Time 0.057 (0.058)	Loss 0.0823 (0.0667)
2024-11-16 18:10:03,356 Test: [110/200]	Time 0.039 (0.056)	Loss 0.1149 (0.0673)
2024-11-16 18:10:03,803 Test: [120/200]	Time 0.045 (0.055)	Loss 0.0605 (0.0658)
2024-11-16 18:10:04,292 Test: [130/200]	Time 0.048 (0.055)	Loss 0.0658 (0.0662)
2024-11-16 18:10:04,729 Test: [140/200]	Time 0.040 (0.054)	Loss 0.0575 (0.0656)
2024-11-16 18:10:05,186 Test: [150/200]	Time 0.046 (0.054)	Loss 0.0547 (0.0647)
2024-11-16 18:10:05,645 Test: [160/200]	Time 0.042 (0.053)	Loss 0.0729 (0.0644)
2024-11-16 18:10:06,073 Test: [170/200]	Time 0.043 (0.053)	Loss 0.0601 (0.0640)
2024-11-16 18:10:06,536 Test: [180/200]	Time 0.048 (0.052)	Loss 0.0503 (0.0635)
2024-11-16 18:10:07,005 Test: [190/200]	Time 0.050 (0.052)	Loss 0.0340 (0.0634)
2024-11-16 18:10:08,660 Mean IoU score: 0.848
2024-11-16 18:10:08,668 => saving checkpoint to out
2024-11-16 18:10:11,136 Epoch: [7][0/200]	Time 2.444s (2.444s)	Speed 13.1 samples/s	Data 1.708s (1.708s)	Loss 0.01430 (0.01430)
2024-11-16 18:10:16,647 Epoch: [7][10/200]	Time 0.557s (0.723s)	Speed 57.5 samples/s	Data 0.001s (0.156s)	Loss 0.01359 (0.01474)
2024-11-16 18:10:22,101 Epoch: [7][20/200]	Time 0.552s (0.639s)	Speed 58.0 samples/s	Data 0.001s (0.082s)	Loss 0.01719 (0.01483)
2024-11-16 18:10:27,787 Epoch: [7][30/200]	Time 0.686s (0.616s)	Speed 46.6 samples/s	Data 0.001s (0.056s)	Loss 0.01603 (0.01450)
2024-11-16 18:10:33,541 Epoch: [7][40/200]	Time 0.541s (0.606s)	Speed 59.2 samples/s	Data 0.001s (0.043s)	Loss 0.01035 (0.01438)
2024-11-16 18:10:38,954 Epoch: [7][50/200]	Time 0.561s (0.593s)	Speed 57.0 samples/s	Data 0.001s (0.035s)	Loss 0.01369 (0.01420)
2024-11-16 18:10:44,990 Epoch: [7][60/200]	Time 0.541s (0.595s)	Speed 59.2 samples/s	Data 0.001s (0.029s)	Loss 0.01281 (0.01412)
2024-11-16 18:10:50,473 Epoch: [7][70/200]	Time 0.549s (0.588s)	Speed 58.3 samples/s	Data 0.001s (0.025s)	Loss 0.01126 (0.01393)
2024-11-16 18:10:56,024 Epoch: [7][80/200]	Time 0.530s (0.584s)	Speed 60.4 samples/s	Data 0.001s (0.022s)	Loss 0.01150 (0.01391)
2024-11-16 18:11:01,516 Epoch: [7][90/200]	Time 0.537s (0.580s)	Speed 59.6 samples/s	Data 0.001s (0.020s)	Loss 0.01581 (0.01376)
2024-11-16 18:11:07,216 Epoch: [7][100/200]	Time 0.594s (0.579s)	Speed 53.9 samples/s	Data 0.002s (0.018s)	Loss 0.01579 (0.01383)
2024-11-16 18:11:12,602 Epoch: [7][110/200]	Time 0.528s (0.576s)	Speed 60.6 samples/s	Data 0.001s (0.017s)	Loss 0.00999 (0.01376)
2024-11-16 18:11:18,026 Epoch: [7][120/200]	Time 0.544s (0.573s)	Speed 58.8 samples/s	Data 0.000s (0.015s)	Loss 0.01323 (0.01385)
2024-11-16 18:11:23,441 Epoch: [7][130/200]	Time 0.524s (0.571s)	Speed 61.1 samples/s	Data 0.001s (0.014s)	Loss 0.01261 (0.01384)
2024-11-16 18:11:28,783 Epoch: [7][140/200]	Time 0.553s (0.568s)	Speed 57.9 samples/s	Data 0.001s (0.013s)	Loss 0.01652 (0.01379)
2024-11-16 18:11:34,227 Epoch: [7][150/200]	Time 0.515s (0.566s)	Speed 62.1 samples/s	Data 0.001s (0.013s)	Loss 0.01185 (0.01372)
2024-11-16 18:11:39,723 Epoch: [7][160/200]	Time 0.606s (0.565s)	Speed 52.8 samples/s	Data 0.001s (0.012s)	Loss 0.01502 (0.01366)
2024-11-16 18:11:45,124 Epoch: [7][170/200]	Time 0.536s (0.564s)	Speed 59.7 samples/s	Data 0.001s (0.011s)	Loss 0.01438 (0.01365)
2024-11-16 18:11:50,488 Epoch: [7][180/200]	Time 0.543s (0.562s)	Speed 58.9 samples/s	Data 0.001s (0.011s)	Loss 0.01237 (0.01363)
2024-11-16 18:11:55,887 Epoch: [7][190/200]	Time 0.553s (0.561s)	Speed 57.9 samples/s	Data 0.001s (0.010s)	Loss 0.01213 (0.01365)
2024-11-16 18:12:02,336 Test: [0/200]	Time 1.224 (1.224)	Loss 0.0820 (0.0820)
2024-11-16 18:12:02,709 Test: [10/200]	Time 0.033 (0.145)	Loss 0.0257 (0.0598)
2024-11-16 18:12:03,157 Test: [20/200]	Time 0.040 (0.097)	Loss 0.0301 (0.0600)
2024-11-16 18:12:03,607 Test: [30/200]	Time 0.038 (0.081)	Loss 0.0779 (0.0616)
2024-11-16 18:12:04,061 Test: [40/200]	Time 0.045 (0.072)	Loss 0.0533 (0.0624)
2024-11-16 18:12:04,494 Test: [50/200]	Time 0.044 (0.066)	Loss 0.1171 (0.0624)
2024-11-16 18:12:04,925 Test: [60/200]	Time 0.037 (0.063)	Loss 0.0810 (0.0645)
2024-11-16 18:12:05,358 Test: [70/200]	Time 0.045 (0.060)	Loss 0.0460 (0.0645)
2024-11-16 18:12:05,858 Test: [80/200]	Time 0.050 (0.059)	Loss 0.0755 (0.0626)
2024-11-16 18:12:06,317 Test: [90/200]	Time 0.048 (0.057)	Loss 0.0888 (0.0639)
2024-11-16 18:12:06,769 Test: [100/200]	Time 0.042 (0.056)	Loss 0.0985 (0.0635)
2024-11-16 18:12:07,207 Test: [110/200]	Time 0.044 (0.055)	Loss 0.1247 (0.0641)
2024-11-16 18:12:07,669 Test: [120/200]	Time 0.040 (0.054)	Loss 0.0625 (0.0631)
2024-11-16 18:12:08,131 Test: [130/200]	Time 0.044 (0.054)	Loss 0.0553 (0.0633)
2024-11-16 18:12:08,566 Test: [140/200]	Time 0.037 (0.053)	Loss 0.0603 (0.0629)
2024-11-16 18:12:09,005 Test: [150/200]	Time 0.043 (0.052)	Loss 0.0533 (0.0619)
2024-11-16 18:12:09,433 Test: [160/200]	Time 0.037 (0.052)	Loss 0.0661 (0.0618)
2024-11-16 18:12:09,884 Test: [170/200]	Time 0.043 (0.051)	Loss 0.0525 (0.0613)
2024-11-16 18:12:10,311 Test: [180/200]	Time 0.036 (0.051)	Loss 0.0379 (0.0609)
2024-11-16 18:12:10,791 Test: [190/200]	Time 0.046 (0.051)	Loss 0.0294 (0.0606)
2024-11-16 18:12:12,240 Mean IoU score: 0.856
2024-11-16 18:12:12,247 => saving checkpoint to out
2024-11-16 18:12:14,663 Epoch: [8][0/200]	Time 2.394s (2.394s)	Speed 13.4 samples/s	Data 1.634s (1.634s)	Loss 0.01217 (0.01217)
2024-11-16 18:12:20,155 Epoch: [8][10/200]	Time 0.538s (0.717s)	Speed 59.5 samples/s	Data 0.001s (0.150s)	Loss 0.01056 (0.01190)
2024-11-16 18:12:25,593 Epoch: [8][20/200]	Time 0.546s (0.634s)	Speed 58.6 samples/s	Data 0.002s (0.079s)	Loss 0.01175 (0.01232)
2024-11-16 18:12:31,115 Epoch: [8][30/200]	Time 0.559s (0.608s)	Speed 57.2 samples/s	Data 0.001s (0.054s)	Loss 0.01167 (0.01223)
2024-11-16 18:12:36,671 Epoch: [8][40/200]	Time 0.563s (0.595s)	Speed 56.8 samples/s	Data 0.001s (0.041s)	Loss 0.00955 (0.01211)
2024-11-16 18:12:42,167 Epoch: [8][50/200]	Time 0.562s (0.586s)	Speed 56.9 samples/s	Data 0.001s (0.033s)	Loss 0.01199 (0.01220)
2024-11-16 18:12:47,619 Epoch: [8][60/200]	Time 0.524s (0.580s)	Speed 61.1 samples/s	Data 0.001s (0.028s)	Loss 0.01292 (0.01213)
2024-11-16 18:12:53,024 Epoch: [8][70/200]	Time 0.539s (0.574s)	Speed 59.4 samples/s	Data 0.001s (0.024s)	Loss 0.01200 (0.01203)
2024-11-16 18:12:58,556 Epoch: [8][80/200]	Time 0.544s (0.571s)	Speed 58.8 samples/s	Data 0.001s (0.021s)	Loss 0.00931 (0.01193)
2024-11-16 18:13:04,563 Epoch: [8][90/200]	Time 0.542s (0.575s)	Speed 59.0 samples/s	Data 0.001s (0.019s)	Loss 0.00917 (0.01179)
2024-11-16 18:13:10,053 Epoch: [8][100/200]	Time 0.561s (0.572s)	Speed 57.0 samples/s	Data 0.001s (0.017s)	Loss 0.01224 (0.01182)
2024-11-16 18:13:15,537 Epoch: [8][110/200]	Time 0.576s (0.570s)	Speed 55.6 samples/s	Data 0.001s (0.016s)	Loss 0.01339 (0.01181)
2024-11-16 18:13:20,940 Epoch: [8][120/200]	Time 0.515s (0.568s)	Speed 62.1 samples/s	Data 0.001s (0.015s)	Loss 0.01198 (0.01188)
2024-11-16 18:13:26,336 Epoch: [8][130/200]	Time 0.530s (0.565s)	Speed 60.4 samples/s	Data 0.001s (0.014s)	Loss 0.00870 (0.01188)
2024-11-16 18:13:31,774 Epoch: [8][140/200]	Time 0.527s (0.564s)	Speed 60.7 samples/s	Data 0.001s (0.013s)	Loss 0.01427 (0.01193)
2024-11-16 18:13:37,151 Epoch: [8][150/200]	Time 0.532s (0.562s)	Speed 60.2 samples/s	Data 0.001s (0.012s)	Loss 0.01043 (0.01188)
2024-11-16 18:13:42,591 Epoch: [8][160/200]	Time 0.537s (0.561s)	Speed 59.6 samples/s	Data 0.001s (0.011s)	Loss 0.01290 (0.01191)
2024-11-16 18:13:48,448 Epoch: [8][170/200]	Time 0.555s (0.562s)	Speed 57.7 samples/s	Data 0.001s (0.011s)	Loss 0.01135 (0.01192)
2024-11-16 18:13:53,863 Epoch: [8][180/200]	Time 0.539s (0.561s)	Speed 59.4 samples/s	Data 0.001s (0.010s)	Loss 0.01428 (0.01192)
2024-11-16 18:13:59,243 Epoch: [8][190/200]	Time 0.519s (0.560s)	Speed 61.7 samples/s	Data 0.001s (0.010s)	Loss 0.01253 (0.01186)
2024-11-16 18:14:05,589 Test: [0/200]	Time 1.249 (1.249)	Loss 0.0784 (0.0784)
2024-11-16 18:14:05,974 Test: [10/200]	Time 0.040 (0.149)	Loss 0.0337 (0.0574)
2024-11-16 18:14:06,411 Test: [20/200]	Time 0.049 (0.099)	Loss 0.0324 (0.0577)
2024-11-16 18:14:06,898 Test: [30/200]	Time 0.046 (0.083)	Loss 0.0652 (0.0599)
2024-11-16 18:14:07,346 Test: [40/200]	Time 0.037 (0.073)	Loss 0.0623 (0.0616)
2024-11-16 18:14:07,796 Test: [50/200]	Time 0.038 (0.068)	Loss 0.1064 (0.0610)
2024-11-16 18:14:08,279 Test: [60/200]	Time 0.044 (0.065)	Loss 0.0737 (0.0623)
2024-11-16 18:14:08,719 Test: [70/200]	Time 0.044 (0.062)	Loss 0.0396 (0.0622)
2024-11-16 18:14:09,166 Test: [80/200]	Time 0.041 (0.060)	Loss 0.0669 (0.0606)
2024-11-16 18:14:09,648 Test: [90/200]	Time 0.061 (0.058)	Loss 0.0913 (0.0623)
2024-11-16 18:14:10,091 Test: [100/200]	Time 0.043 (0.057)	Loss 0.0800 (0.0616)
2024-11-16 18:14:10,548 Test: [110/200]	Time 0.036 (0.056)	Loss 0.1384 (0.0624)
2024-11-16 18:14:10,993 Test: [120/200]	Time 0.036 (0.055)	Loss 0.0548 (0.0613)
2024-11-16 18:14:11,446 Test: [130/200]	Time 0.046 (0.054)	Loss 0.0466 (0.0616)
2024-11-16 18:14:11,894 Test: [140/200]	Time 0.043 (0.054)	Loss 0.0590 (0.0612)
2024-11-16 18:14:12,326 Test: [150/200]	Time 0.041 (0.053)	Loss 0.0566 (0.0603)
2024-11-16 18:14:12,765 Test: [160/200]	Time 0.040 (0.052)	Loss 0.0643 (0.0603)
2024-11-16 18:14:13,214 Test: [170/200]	Time 0.041 (0.052)	Loss 0.0425 (0.0599)
2024-11-16 18:14:13,677 Test: [180/200]	Time 0.045 (0.052)	Loss 0.0407 (0.0595)
2024-11-16 18:14:14,141 Test: [190/200]	Time 0.043 (0.051)	Loss 0.0266 (0.0593)
2024-11-16 18:14:15,714 Mean IoU score: 0.857
2024-11-16 18:14:15,722 => saving checkpoint to out
2024-11-16 18:14:18,126 Epoch: [9][0/200]	Time 2.383s (2.383s)	Speed 13.4 samples/s	Data 1.621s (1.621s)	Loss 0.01113 (0.01113)
2024-11-16 18:14:23,706 Epoch: [9][10/200]	Time 0.553s (0.724s)	Speed 57.9 samples/s	Data 0.001s (0.149s)	Loss 0.00996 (0.01083)
2024-11-16 18:14:29,497 Epoch: [9][20/200]	Time 0.728s (0.655s)	Speed 44.0 samples/s	Data 0.001s (0.078s)	Loss 0.01566 (0.01109)
2024-11-16 18:14:35,180 Epoch: [9][30/200]	Time 0.534s (0.627s)	Speed 59.9 samples/s	Data 0.001s (0.054s)	Loss 0.01019 (0.01110)
2024-11-16 18:14:40,651 Epoch: [9][40/200]	Time 0.537s (0.608s)	Speed 59.6 samples/s	Data 0.002s (0.041s)	Loss 0.01116 (0.01110)
2024-11-16 18:14:46,057 Epoch: [9][50/200]	Time 0.576s (0.594s)	Speed 55.6 samples/s	Data 0.001s (0.033s)	Loss 0.00784 (0.01094)
2024-11-16 18:14:51,411 Epoch: [9][60/200]	Time 0.542s (0.585s)	Speed 59.0 samples/s	Data 0.001s (0.028s)	Loss 0.01122 (0.01078)
2024-11-16 18:14:56,767 Epoch: [9][70/200]	Time 0.559s (0.578s)	Speed 57.2 samples/s	Data 0.002s (0.024s)	Loss 0.01071 (0.01080)
2024-11-16 18:15:02,203 Epoch: [9][80/200]	Time 0.563s (0.574s)	Speed 56.8 samples/s	Data 0.001s (0.021s)	Loss 0.00785 (0.01084)
2024-11-16 18:15:07,633 Epoch: [9][90/200]	Time 0.586s (0.570s)	Speed 54.6 samples/s	Data 0.001s (0.019s)	Loss 0.01140 (0.01075)
2024-11-16 18:15:13,180 Epoch: [9][100/200]	Time 0.551s (0.569s)	Speed 58.1 samples/s	Data 0.001s (0.017s)	Loss 0.01556 (0.01080)
2024-11-16 18:15:18,583 Epoch: [9][110/200]	Time 0.538s (0.566s)	Speed 59.5 samples/s	Data 0.001s (0.016s)	Loss 0.01150 (0.01075)
2024-11-16 18:15:24,091 Epoch: [9][120/200]	Time 0.546s (0.565s)	Speed 58.6 samples/s	Data 0.001s (0.015s)	Loss 0.00974 (0.01066)
2024-11-16 18:15:29,514 Epoch: [9][130/200]	Time 0.548s (0.563s)	Speed 58.4 samples/s	Data 0.001s (0.014s)	Loss 0.00780 (0.01068)
2024-11-16 18:15:35,005 Epoch: [9][140/200]	Time 0.632s (0.562s)	Speed 50.6 samples/s	Data 0.001s (0.013s)	Loss 0.01155 (0.01070)
2024-11-16 18:15:40,937 Epoch: [9][150/200]	Time 0.548s (0.564s)	Speed 58.4 samples/s	Data 0.000s (0.012s)	Loss 0.00917 (0.01071)
2024-11-16 18:15:46,298 Epoch: [9][160/200]	Time 0.546s (0.562s)	Speed 58.6 samples/s	Data 0.001s (0.011s)	Loss 0.01174 (0.01072)
2024-11-16 18:15:51,780 Epoch: [9][170/200]	Time 0.553s (0.562s)	Speed 57.9 samples/s	Data 0.001s (0.011s)	Loss 0.01089 (0.01068)
2024-11-16 18:15:57,198 Epoch: [9][180/200]	Time 0.569s (0.561s)	Speed 56.2 samples/s	Data 0.001s (0.010s)	Loss 0.01077 (0.01067)
2024-11-16 18:16:02,567 Epoch: [9][190/200]	Time 0.562s (0.559s)	Speed 56.9 samples/s	Data 0.001s (0.010s)	Loss 0.00803 (0.01063)
2024-11-16 18:16:08,795 Test: [0/200]	Time 1.241 (1.241)	Loss 0.0720 (0.0720)
2024-11-16 18:16:09,179 Test: [10/200]	Time 0.037 (0.148)	Loss 0.0376 (0.0546)
2024-11-16 18:16:09,620 Test: [20/200]	Time 0.044 (0.098)	Loss 0.0290 (0.0557)
2024-11-16 18:16:10,073 Test: [30/200]	Time 0.045 (0.081)	Loss 0.0664 (0.0591)
2024-11-16 18:16:10,535 Test: [40/200]	Time 0.048 (0.073)	Loss 0.0461 (0.0606)
2024-11-16 18:16:10,982 Test: [50/200]	Time 0.037 (0.067)	Loss 0.1117 (0.0601)
2024-11-16 18:16:11,438 Test: [60/200]	Time 0.042 (0.064)	Loss 0.0703 (0.0614)
2024-11-16 18:16:11,911 Test: [70/200]	Time 0.048 (0.061)	Loss 0.0362 (0.0613)
2024-11-16 18:16:12,348 Test: [80/200]	Time 0.040 (0.059)	Loss 0.0865 (0.0600)
2024-11-16 18:16:12,817 Test: [90/200]	Time 0.042 (0.058)	Loss 0.1020 (0.0621)
2024-11-16 18:16:13,275 Test: [100/200]	Time 0.048 (0.057)	Loss 0.0658 (0.0612)
2024-11-16 18:16:13,734 Test: [110/200]	Time 0.049 (0.056)	Loss 0.1372 (0.0621)
2024-11-16 18:16:14,171 Test: [120/200]	Time 0.039 (0.055)	Loss 0.0512 (0.0608)
2024-11-16 18:16:14,618 Test: [130/200]	Time 0.035 (0.054)	Loss 0.0501 (0.0613)
2024-11-16 18:16:15,065 Test: [140/200]	Time 0.042 (0.053)	Loss 0.0706 (0.0610)
2024-11-16 18:16:15,517 Test: [150/200]	Time 0.049 (0.053)	Loss 0.0512 (0.0600)
2024-11-16 18:16:15,958 Test: [160/200]	Time 0.046 (0.052)	Loss 0.0700 (0.0600)
2024-11-16 18:16:16,391 Test: [170/200]	Time 0.035 (0.052)	Loss 0.0523 (0.0595)
2024-11-16 18:16:16,867 Test: [180/200]	Time 0.045 (0.051)	Loss 0.0408 (0.0590)
2024-11-16 18:16:17,296 Test: [190/200]	Time 0.039 (0.051)	Loss 0.0260 (0.0587)
2024-11-16 18:16:18,772 Mean IoU score: 0.858
2024-11-16 18:16:18,778 => saving checkpoint to out
2024-11-16 18:16:21,186 Epoch: [10][0/200]	Time 2.385s (2.385s)	Speed 13.4 samples/s	Data 1.608s (1.608s)	Loss 0.00805 (0.00805)
2024-11-16 18:16:26,901 Epoch: [10][10/200]	Time 0.552s (0.736s)	Speed 58.0 samples/s	Data 0.001s (0.147s)	Loss 0.00867 (0.00944)
2024-11-16 18:16:32,395 Epoch: [10][20/200]	Time 0.569s (0.647s)	Speed 56.2 samples/s	Data 0.001s (0.078s)	Loss 0.00973 (0.00911)
2024-11-16 18:16:37,891 Epoch: [10][30/200]	Time 0.567s (0.616s)	Speed 56.4 samples/s	Data 0.001s (0.053s)	Loss 0.01033 (0.00933)
2024-11-16 18:16:45,772 Epoch: [10][40/200]	Time 0.632s (0.658s)	Speed 50.6 samples/s	Data 0.001s (0.040s)	Loss 0.00779 (0.00956)
2024-11-16 18:16:54,057 Epoch: [10][50/200]	Time 0.696s (0.691s)	Speed 46.0 samples/s	Data 0.001s (0.033s)	Loss 0.01222 (0.00956)
2024-11-16 18:16:59,891 Epoch: [10][60/200]	Time 0.543s (0.674s)	Speed 58.9 samples/s	Data 0.001s (0.028s)	Loss 0.01306 (0.00959)
2024-11-16 18:17:05,432 Epoch: [10][70/200]	Time 0.538s (0.657s)	Speed 59.5 samples/s	Data 0.001s (0.024s)	Loss 0.00839 (0.00960)
2024-11-16 18:17:10,880 Epoch: [10][80/200]	Time 0.518s (0.643s)	Speed 61.8 samples/s	Data 0.001s (0.021s)	Loss 0.01104 (0.00961)
2024-11-16 18:17:16,366 Epoch: [10][90/200]	Time 0.539s (0.633s)	Speed 59.4 samples/s	Data 0.001s (0.019s)	Loss 0.00810 (0.00960)
2024-11-16 18:17:21,886 Epoch: [10][100/200]	Time 0.533s (0.625s)	Speed 60.0 samples/s	Data 0.001s (0.017s)	Loss 0.00885 (0.00965)
2024-11-16 18:17:27,413 Epoch: [10][110/200]	Time 0.565s (0.618s)	Speed 56.6 samples/s	Data 0.001s (0.016s)	Loss 0.00782 (0.00966)
2024-11-16 18:17:32,874 Epoch: [10][120/200]	Time 0.536s (0.612s)	Speed 59.7 samples/s	Data 0.000s (0.015s)	Loss 0.01044 (0.00974)
2024-11-16 18:17:38,527 Epoch: [10][130/200]	Time 0.526s (0.609s)	Speed 60.8 samples/s	Data 0.001s (0.014s)	Loss 0.01008 (0.00977)
2024-11-16 18:17:44,114 Epoch: [10][140/200]	Time 0.577s (0.605s)	Speed 55.5 samples/s	Data 0.001s (0.013s)	Loss 0.00976 (0.00980)
2024-11-16 18:17:49,724 Epoch: [10][150/200]	Time 0.559s (0.602s)	Speed 57.2 samples/s	Data 0.001s (0.012s)	Loss 0.00963 (0.00978)
2024-11-16 18:17:55,284 Epoch: [10][160/200]	Time 0.554s (0.599s)	Speed 57.8 samples/s	Data 0.001s (0.011s)	Loss 0.00861 (0.00978)
2024-11-16 18:18:00,791 Epoch: [10][170/200]	Time 0.563s (0.596s)	Speed 56.8 samples/s	Data 0.000s (0.011s)	Loss 0.01073 (0.00981)
2024-11-16 18:18:06,332 Epoch: [10][180/200]	Time 0.568s (0.594s)	Speed 56.3 samples/s	Data 0.001s (0.010s)	Loss 0.00987 (0.00977)
2024-11-16 18:18:12,264 Epoch: [10][190/200]	Time 0.705s (0.594s)	Speed 45.4 samples/s	Data 0.001s (0.010s)	Loss 0.00962 (0.00977)
2024-11-16 18:18:18,725 Test: [0/200]	Time 1.286 (1.286)	Loss 0.1249 (0.1249)
2024-11-16 18:18:19,111 Test: [10/200]	Time 0.043 (0.152)	Loss 0.0345 (0.0632)
2024-11-16 18:18:19,549 Test: [20/200]	Time 0.046 (0.100)	Loss 0.0388 (0.0628)
2024-11-16 18:18:19,983 Test: [30/200]	Time 0.035 (0.082)	Loss 0.0651 (0.0666)
2024-11-16 18:18:20,427 Test: [40/200]	Time 0.041 (0.073)	Loss 0.0617 (0.0672)
2024-11-16 18:18:20,897 Test: [50/200]	Time 0.044 (0.068)	Loss 0.1069 (0.0667)
2024-11-16 18:18:21,381 Test: [60/200]	Time 0.045 (0.065)	Loss 0.0813 (0.0682)
2024-11-16 18:18:21,839 Test: [70/200]	Time 0.051 (0.062)	Loss 0.0421 (0.0681)
2024-11-16 18:18:22,289 Test: [80/200]	Time 0.048 (0.060)	Loss 0.0671 (0.0660)
2024-11-16 18:18:22,768 Test: [90/200]	Time 0.039 (0.059)	Loss 0.0903 (0.0673)
2024-11-16 18:18:23,229 Test: [100/200]	Time 0.049 (0.057)	Loss 0.1047 (0.0663)
2024-11-16 18:18:23,673 Test: [110/200]	Time 0.034 (0.056)	Loss 0.1495 (0.0669)
2024-11-16 18:18:24,136 Test: [120/200]	Time 0.043 (0.055)	Loss 0.0511 (0.0661)
2024-11-16 18:18:24,613 Test: [130/200]	Time 0.049 (0.055)	Loss 0.0498 (0.0664)
2024-11-16 18:18:25,060 Test: [140/200]	Time 0.044 (0.054)	Loss 0.0683 (0.0661)
2024-11-16 18:18:25,533 Test: [150/200]	Time 0.041 (0.054)	Loss 0.0505 (0.0649)
2024-11-16 18:18:25,973 Test: [160/200]	Time 0.043 (0.053)	Loss 0.0693 (0.0650)
2024-11-16 18:18:26,430 Test: [170/200]	Time 0.047 (0.053)	Loss 0.0553 (0.0647)
2024-11-16 18:18:26,882 Test: [180/200]	Time 0.047 (0.052)	Loss 0.0446 (0.0645)
2024-11-16 18:18:27,355 Test: [190/200]	Time 0.042 (0.052)	Loss 0.0251 (0.0642)
2024-11-16 18:18:28,799 Mean IoU score: 0.851
2024-11-16 18:18:28,807 => saving checkpoint to out
2024-11-16 18:18:31,136 Epoch: [11][0/200]	Time 2.314s (2.314s)	Speed 13.8 samples/s	Data 1.571s (1.571s)	Loss 0.00771 (0.00771)
2024-11-16 18:18:36,732 Epoch: [11][10/200]	Time 0.525s (0.719s)	Speed 61.0 samples/s	Data 0.002s (0.144s)	Loss 0.00912 (0.00835)
2024-11-16 18:18:42,319 Epoch: [11][20/200]	Time 0.589s (0.643s)	Speed 54.3 samples/s	Data 0.001s (0.076s)	Loss 0.01131 (0.00844)
2024-11-16 18:18:47,825 Epoch: [11][30/200]	Time 0.563s (0.613s)	Speed 56.8 samples/s	Data 0.001s (0.052s)	Loss 0.00860 (0.00857)
2024-11-16 18:18:53,277 Epoch: [11][40/200]	Time 0.539s (0.596s)	Speed 59.4 samples/s	Data 0.000s (0.040s)	Loss 0.01156 (0.00873)
2024-11-16 18:18:58,738 Epoch: [11][50/200]	Time 0.564s (0.587s)	Speed 56.7 samples/s	Data 0.002s (0.032s)	Loss 0.00882 (0.00887)
2024-11-16 18:19:04,339 Epoch: [11][60/200]	Time 0.576s (0.582s)	Speed 55.6 samples/s	Data 0.001s (0.027s)	Loss 0.01016 (0.00895)
2024-11-16 18:19:09,866 Epoch: [11][70/200]	Time 0.596s (0.578s)	Speed 53.7 samples/s	Data 0.001s (0.023s)	Loss 0.00963 (0.00890)
2024-11-16 18:19:15,339 Epoch: [11][80/200]	Time 0.518s (0.574s)	Speed 61.8 samples/s	Data 0.001s (0.021s)	Loss 0.00871 (0.00889)
2024-11-16 18:19:20,861 Epoch: [11][90/200]	Time 0.545s (0.572s)	Speed 58.7 samples/s	Data 0.000s (0.018s)	Loss 0.00879 (0.00889)
2024-11-16 18:19:26,365 Epoch: [11][100/200]	Time 0.531s (0.570s)	Speed 60.3 samples/s	Data 0.001s (0.017s)	Loss 0.00962 (0.00893)
2024-11-16 18:19:31,868 Epoch: [11][110/200]	Time 0.553s (0.568s)	Speed 57.9 samples/s	Data 0.001s (0.015s)	Loss 0.01082 (0.00890)
2024-11-16 18:19:37,268 Epoch: [11][120/200]	Time 0.547s (0.566s)	Speed 58.5 samples/s	Data 0.001s (0.014s)	Loss 0.00826 (0.00892)
2024-11-16 18:19:42,934 Epoch: [11][130/200]	Time 0.656s (0.566s)	Speed 48.8 samples/s	Data 0.002s (0.013s)	Loss 0.00848 (0.00894)
2024-11-16 18:19:48,676 Epoch: [11][140/200]	Time 0.521s (0.566s)	Speed 61.4 samples/s	Data 0.001s (0.012s)	Loss 0.01216 (0.00903)
2024-11-16 18:19:54,106 Epoch: [11][150/200]	Time 0.571s (0.565s)	Speed 56.0 samples/s	Data 0.000s (0.012s)	Loss 0.01187 (0.00906)
2024-11-16 18:19:59,643 Epoch: [11][160/200]	Time 0.566s (0.564s)	Speed 56.5 samples/s	Data 0.001s (0.011s)	Loss 0.01096 (0.00918)
2024-11-16 18:20:05,131 Epoch: [11][170/200]	Time 0.557s (0.563s)	Speed 57.4 samples/s	Data 0.001s (0.010s)	Loss 0.01203 (0.00932)
2024-11-16 18:20:10,623 Epoch: [11][180/200]	Time 0.532s (0.562s)	Speed 60.2 samples/s	Data 0.001s (0.010s)	Loss 0.01108 (0.00946)
2024-11-16 18:20:16,010 Epoch: [11][190/200]	Time 0.536s (0.561s)	Speed 59.7 samples/s	Data 0.001s (0.009s)	Loss 0.02794 (0.00975)
2024-11-16 18:20:22,310 Test: [0/200]	Time 1.249 (1.249)	Loss 0.2096 (0.2096)
2024-11-16 18:20:22,706 Test: [10/200]	Time 0.040 (0.150)	Loss 0.0375 (0.1655)
2024-11-16 18:20:23,149 Test: [20/200]	Time 0.048 (0.099)	Loss 0.1168 (0.1808)
2024-11-16 18:20:23,571 Test: [30/200]	Time 0.043 (0.081)	Loss 0.3453 (0.1896)
2024-11-16 18:20:24,040 Test: [40/200]	Time 0.049 (0.073)	Loss 0.2182 (0.2002)
2024-11-16 18:20:24,541 Test: [50/200]	Time 0.051 (0.068)	Loss 0.2581 (0.2011)
2024-11-16 18:20:24,965 Test: [60/200]	Time 0.036 (0.064)	Loss 0.2949 (0.2048)
2024-11-16 18:20:25,410 Test: [70/200]	Time 0.046 (0.061)	Loss 0.1932 (0.2073)
2024-11-16 18:20:25,891 Test: [80/200]	Time 0.042 (0.060)	Loss 0.2926 (0.2074)
2024-11-16 18:20:26,343 Test: [90/200]	Time 0.042 (0.058)	Loss 0.1814 (0.2100)
2024-11-16 18:20:26,794 Test: [100/200]	Time 0.040 (0.057)	Loss 0.3323 (0.2088)
2024-11-16 18:20:27,215 Test: [110/200]	Time 0.039 (0.055)	Loss 0.2862 (0.2113)
2024-11-16 18:20:27,686 Test: [120/200]	Time 0.051 (0.055)	Loss 0.2106 (0.2103)
2024-11-16 18:20:28,147 Test: [130/200]	Time 0.040 (0.054)	Loss 0.1988 (0.2124)
2024-11-16 18:20:28,610 Test: [140/200]	Time 0.049 (0.054)	Loss 0.1284 (0.2103)
2024-11-16 18:20:29,043 Test: [150/200]	Time 0.040 (0.053)	Loss 0.1908 (0.2087)
2024-11-16 18:20:29,542 Test: [160/200]	Time 0.045 (0.053)	Loss 0.2761 (0.2091)
2024-11-16 18:20:29,978 Test: [170/200]	Time 0.041 (0.052)	Loss 0.0859 (0.2056)
2024-11-16 18:20:30,445 Test: [180/200]	Time 0.045 (0.052)	Loss 0.1203 (0.2042)
2024-11-16 18:20:30,918 Test: [190/200]	Time 0.039 (0.052)	Loss 0.1218 (0.2042)
2024-11-16 18:20:32,420 Mean IoU score: 0.618
2024-11-16 18:20:32,427 => saving checkpoint to out
2024-11-16 18:20:34,658 Epoch: [12][0/200]	Time 2.214s (2.214s)	Speed 14.5 samples/s	Data 1.508s (1.508s)	Loss 0.03066 (0.03066)
2024-11-16 18:20:40,232 Epoch: [12][10/200]	Time 0.548s (0.708s)	Speed 58.4 samples/s	Data 0.001s (0.138s)	Loss 0.01957 (0.02188)
2024-11-16 18:20:45,912 Epoch: [12][20/200]	Time 0.668s (0.641s)	Speed 47.9 samples/s	Data 0.001s (0.073s)	Loss 0.02271 (0.02115)
2024-11-16 18:20:51,751 Epoch: [12][30/200]	Time 0.545s (0.623s)	Speed 58.7 samples/s	Data 0.001s (0.050s)	Loss 0.01903 (0.02027)
2024-11-16 18:20:57,429 Epoch: [12][40/200]	Time 0.712s (0.609s)	Speed 44.9 samples/s	Data 0.001s (0.038s)	Loss 0.01656 (0.01966)
2024-11-16 18:21:03,237 Epoch: [12][50/200]	Time 0.555s (0.604s)	Speed 57.7 samples/s	Data 0.001s (0.031s)	Loss 0.01580 (0.01931)
2024-11-16 18:21:08,718 Epoch: [12][60/200]	Time 0.523s (0.595s)	Speed 61.2 samples/s	Data 0.002s (0.026s)	Loss 0.01346 (0.01895)
2024-11-16 18:21:14,153 Epoch: [12][70/200]	Time 0.539s (0.587s)	Speed 59.4 samples/s	Data 0.001s (0.022s)	Loss 0.01820 (0.01860)
2024-11-16 18:21:19,578 Epoch: [12][80/200]	Time 0.525s (0.582s)	Speed 61.0 samples/s	Data 0.001s (0.020s)	Loss 0.01514 (0.01841)
2024-11-16 18:21:25,045 Epoch: [12][90/200]	Time 0.532s (0.578s)	Speed 60.2 samples/s	Data 0.002s (0.018s)	Loss 0.01165 (0.01809)
2024-11-16 18:21:30,415 Epoch: [12][100/200]	Time 0.527s (0.574s)	Speed 60.7 samples/s	Data 0.001s (0.016s)	Loss 0.01909 (0.01771)
2024-11-16 18:21:35,898 Epoch: [12][110/200]	Time 0.529s (0.572s)	Speed 60.5 samples/s	Data 0.001s (0.015s)	Loss 0.00999 (0.01750)
2024-11-16 18:21:41,443 Epoch: [12][120/200]	Time 0.566s (0.570s)	Speed 56.5 samples/s	Data 0.001s (0.014s)	Loss 0.02027 (0.01728)
2024-11-16 18:21:46,905 Epoch: [12][130/200]	Time 0.560s (0.568s)	Speed 57.1 samples/s	Data 0.001s (0.013s)	Loss 0.01626 (0.01715)
2024-11-16 18:21:52,293 Epoch: [12][140/200]	Time 0.514s (0.566s)	Speed 62.3 samples/s	Data 0.001s (0.012s)	Loss 0.01515 (0.01703)
2024-11-16 18:21:57,671 Epoch: [12][150/200]	Time 0.543s (0.564s)	Speed 58.9 samples/s	Data 0.001s (0.011s)	Loss 0.02203 (0.01708)
2024-11-16 18:22:03,174 Epoch: [12][160/200]	Time 0.551s (0.564s)	Speed 58.1 samples/s	Data 0.001s (0.011s)	Loss 0.02088 (0.01709)
2024-11-16 18:22:08,590 Epoch: [12][170/200]	Time 0.532s (0.562s)	Speed 60.2 samples/s	Data 0.000s (0.010s)	Loss 0.01319 (0.01712)
2024-11-16 18:22:13,942 Epoch: [12][180/200]	Time 0.559s (0.561s)	Speed 57.2 samples/s	Data 0.000s (0.010s)	Loss 0.01224 (0.01700)
2024-11-16 18:22:19,388 Epoch: [12][190/200]	Time 0.551s (0.560s)	Speed 58.1 samples/s	Data 0.001s (0.009s)	Loss 0.01097 (0.01680)
2024-11-16 18:22:25,748 Test: [0/200]	Time 1.261 (1.261)	Loss 0.0884 (0.0884)
2024-11-16 18:22:26,133 Test: [10/200]	Time 0.036 (0.150)	Loss 0.0232 (0.0663)
2024-11-16 18:22:26,585 Test: [20/200]	Time 0.049 (0.100)	Loss 0.0705 (0.0767)
2024-11-16 18:22:27,007 Test: [30/200]	Time 0.040 (0.081)	Loss 0.1437 (0.0858)
2024-11-16 18:22:27,445 Test: [40/200]	Time 0.036 (0.072)	Loss 0.0639 (0.0889)
2024-11-16 18:22:27,929 Test: [50/200]	Time 0.047 (0.067)	Loss 0.1171 (0.0886)
2024-11-16 18:22:28,374 Test: [60/200]	Time 0.047 (0.064)	Loss 0.1002 (0.0894)
2024-11-16 18:22:28,856 Test: [70/200]	Time 0.034 (0.062)	Loss 0.0724 (0.0895)
2024-11-16 18:22:29,300 Test: [80/200]	Time 0.040 (0.059)	Loss 0.0783 (0.0888)
2024-11-16 18:22:29,772 Test: [90/200]	Time 0.035 (0.058)	Loss 0.1678 (0.0911)
2024-11-16 18:22:30,262 Test: [100/200]	Time 0.043 (0.057)	Loss 0.1132 (0.0911)
2024-11-16 18:22:30,732 Test: [110/200]	Time 0.041 (0.056)	Loss 0.1692 (0.0916)
2024-11-16 18:22:31,154 Test: [120/200]	Time 0.040 (0.055)	Loss 0.1191 (0.0903)
2024-11-16 18:22:31,627 Test: [130/200]	Time 0.048 (0.055)	Loss 0.0761 (0.0915)
2024-11-16 18:22:32,061 Test: [140/200]	Time 0.043 (0.054)	Loss 0.0844 (0.0912)
2024-11-16 18:22:32,508 Test: [150/200]	Time 0.052 (0.053)	Loss 0.0788 (0.0907)
2024-11-16 18:22:32,949 Test: [160/200]	Time 0.042 (0.053)	Loss 0.0891 (0.0910)
2024-11-16 18:22:33,422 Test: [170/200]	Time 0.041 (0.052)	Loss 0.0752 (0.0900)
2024-11-16 18:22:33,864 Test: [180/200]	Time 0.046 (0.052)	Loss 0.0514 (0.0892)
2024-11-16 18:22:34,317 Test: [190/200]	Time 0.042 (0.051)	Loss 0.0468 (0.0889)
2024-11-16 18:22:35,810 Mean IoU score: 0.785
2024-11-16 18:22:35,817 => saving checkpoint to out
2024-11-16 18:22:38,168 Epoch: [13][0/200]	Time 2.336s (2.336s)	Speed 13.7 samples/s	Data 1.581s (1.581s)	Loss 0.00868 (0.00868)
2024-11-16 18:22:43,817 Epoch: [13][10/200]	Time 0.544s (0.726s)	Speed 58.8 samples/s	Data 0.001s (0.145s)	Loss 0.00916 (0.01285)
2024-11-16 18:22:49,348 Epoch: [13][20/200]	Time 0.533s (0.644s)	Speed 60.0 samples/s	Data 0.001s (0.076s)	Loss 0.00813 (0.01182)
2024-11-16 18:22:54,799 Epoch: [13][30/200]	Time 0.536s (0.612s)	Speed 59.7 samples/s	Data 0.001s (0.052s)	Loss 0.01051 (0.01186)
2024-11-16 18:23:00,258 Epoch: [13][40/200]	Time 0.540s (0.596s)	Speed 59.3 samples/s	Data 0.001s (0.040s)	Loss 0.01116 (0.01164)
2024-11-16 18:23:05,706 Epoch: [13][50/200]	Time 0.536s (0.586s)	Speed 59.7 samples/s	Data 0.001s (0.032s)	Loss 0.01171 (0.01134)
2024-11-16 18:23:11,238 Epoch: [13][60/200]	Time 0.544s (0.580s)	Speed 58.8 samples/s	Data 0.001s (0.027s)	Loss 0.01244 (0.01120)
2024-11-16 18:23:16,757 Epoch: [13][70/200]	Time 0.547s (0.576s)	Speed 58.5 samples/s	Data 0.002s (0.023s)	Loss 0.01113 (0.01097)
2024-11-16 18:23:22,710 Epoch: [13][80/200]	Time 0.539s (0.579s)	Speed 59.4 samples/s	Data 0.001s (0.021s)	Loss 0.01504 (0.01092)
2024-11-16 18:23:28,125 Epoch: [13][90/200]	Time 0.563s (0.575s)	Speed 56.8 samples/s	Data 0.001s (0.019s)	Loss 0.01166 (0.01101)
2024-11-16 18:23:33,577 Epoch: [13][100/200]	Time 0.589s (0.572s)	Speed 54.3 samples/s	Data 0.000s (0.017s)	Loss 0.00722 (0.01101)
2024-11-16 18:23:38,942 Epoch: [13][110/200]	Time 0.514s (0.569s)	Speed 62.3 samples/s	Data 0.001s (0.015s)	Loss 0.01054 (0.01100)
2024-11-16 18:23:44,414 Epoch: [13][120/200]	Time 0.545s (0.567s)	Speed 58.7 samples/s	Data 0.001s (0.014s)	Loss 0.01013 (0.01089)
2024-11-16 18:23:49,911 Epoch: [13][130/200]	Time 0.551s (0.565s)	Speed 58.1 samples/s	Data 0.001s (0.013s)	Loss 0.01186 (0.01086)
2024-11-16 18:23:55,357 Epoch: [13][140/200]	Time 0.548s (0.564s)	Speed 58.4 samples/s	Data 0.002s (0.012s)	Loss 0.01011 (0.01081)
2024-11-16 18:24:00,870 Epoch: [13][150/200]	Time 0.555s (0.563s)	Speed 57.7 samples/s	Data 0.001s (0.012s)	Loss 0.01007 (0.01074)
2024-11-16 18:24:06,271 Epoch: [13][160/200]	Time 0.587s (0.562s)	Speed 54.5 samples/s	Data 0.001s (0.011s)	Loss 0.01026 (0.01073)
2024-11-16 18:24:11,704 Epoch: [13][170/200]	Time 0.535s (0.561s)	Speed 59.8 samples/s	Data 0.001s (0.010s)	Loss 0.01433 (0.01077)
2024-11-16 18:24:17,166 Epoch: [13][180/200]	Time 0.551s (0.560s)	Speed 58.1 samples/s	Data 0.002s (0.010s)	Loss 0.01291 (0.01086)
2024-11-16 18:24:22,597 Epoch: [13][190/200]	Time 0.542s (0.559s)	Speed 59.0 samples/s	Data 0.001s (0.009s)	Loss 0.01098 (0.01086)
2024-11-16 18:24:28,909 Test: [0/200]	Time 1.252 (1.252)	Loss 0.0503 (0.0503)
2024-11-16 18:24:29,344 Test: [10/200]	Time 0.042 (0.153)	Loss 0.0258 (0.0560)
2024-11-16 18:24:29,861 Test: [20/200]	Time 0.053 (0.105)	Loss 0.0392 (0.0564)
2024-11-16 18:24:30,331 Test: [30/200]	Time 0.038 (0.086)	Loss 0.0791 (0.0618)
2024-11-16 18:24:30,776 Test: [40/200]	Time 0.044 (0.076)	Loss 0.0580 (0.0625)
2024-11-16 18:24:31,245 Test: [50/200]	Time 0.036 (0.070)	Loss 0.0913 (0.0625)
2024-11-16 18:24:31,706 Test: [60/200]	Time 0.042 (0.066)	Loss 0.0916 (0.0656)
2024-11-16 18:24:32,181 Test: [70/200]	Time 0.072 (0.064)	Loss 0.0456 (0.0659)
2024-11-16 18:24:32,622 Test: [80/200]	Time 0.037 (0.061)	Loss 0.0640 (0.0641)
2024-11-16 18:24:33,062 Test: [90/200]	Time 0.049 (0.059)	Loss 0.1198 (0.0650)
2024-11-16 18:24:33,487 Test: [100/200]	Time 0.038 (0.058)	Loss 0.0964 (0.0650)
2024-11-16 18:24:33,946 Test: [110/200]	Time 0.049 (0.057)	Loss 0.1859 (0.0669)
2024-11-16 18:24:34,398 Test: [120/200]	Time 0.040 (0.056)	Loss 0.0544 (0.0655)
2024-11-16 18:24:34,857 Test: [130/200]	Time 0.039 (0.055)	Loss 0.0470 (0.0658)
2024-11-16 18:24:35,311 Test: [140/200]	Time 0.044 (0.054)	Loss 0.0601 (0.0655)
2024-11-16 18:24:35,766 Test: [150/200]	Time 0.041 (0.054)	Loss 0.0476 (0.0643)
2024-11-16 18:24:36,211 Test: [160/200]	Time 0.042 (0.053)	Loss 0.0632 (0.0642)
2024-11-16 18:24:36,662 Test: [170/200]	Time 0.051 (0.053)	Loss 0.0503 (0.0635)
2024-11-16 18:24:37,104 Test: [180/200]	Time 0.042 (0.052)	Loss 0.0424 (0.0632)
2024-11-16 18:24:37,571 Test: [190/200]	Time 0.047 (0.052)	Loss 0.0253 (0.0634)
2024-11-16 18:24:39,051 Mean IoU score: 0.844
2024-11-16 18:24:39,059 => saving checkpoint to out
2024-11-16 18:24:41,407 Epoch: [14][0/200]	Time 2.332s (2.332s)	Speed 13.7 samples/s	Data 1.601s (1.601s)	Loss 0.00782 (0.00782)
2024-11-16 18:24:46,869 Epoch: [14][10/200]	Time 0.557s (0.709s)	Speed 57.5 samples/s	Data 0.001s (0.147s)	Loss 0.00816 (0.00963)
2024-11-16 18:24:52,370 Epoch: [14][20/200]	Time 0.554s (0.633s)	Speed 57.8 samples/s	Data 0.001s (0.078s)	Loss 0.00957 (0.00972)
2024-11-16 18:24:57,968 Epoch: [14][30/200]	Time 0.593s (0.609s)	Speed 54.0 samples/s	Data 0.001s (0.053s)	Loss 0.00935 (0.00940)
2024-11-16 18:25:03,504 Epoch: [14][40/200]	Time 0.547s (0.596s)	Speed 58.5 samples/s	Data 0.001s (0.040s)	Loss 0.00807 (0.00950)
2024-11-16 18:25:09,070 Epoch: [14][50/200]	Time 0.617s (0.588s)	Speed 51.9 samples/s	Data 0.001s (0.033s)	Loss 0.01040 (0.00950)
2024-11-16 18:25:14,419 Epoch: [14][60/200]	Time 0.559s (0.579s)	Speed 57.2 samples/s	Data 0.001s (0.028s)	Loss 0.00780 (0.00935)
2024-11-16 18:25:19,851 Epoch: [14][70/200]	Time 0.541s (0.574s)	Speed 59.2 samples/s	Data 0.001s (0.024s)	Loss 0.00806 (0.00931)
2024-11-16 18:25:25,405 Epoch: [14][80/200]	Time 0.550s (0.572s)	Speed 58.2 samples/s	Data 0.002s (0.021s)	Loss 0.00984 (0.00921)
2024-11-16 18:25:30,888 Epoch: [14][90/200]	Time 0.543s (0.569s)	Speed 58.9 samples/s	Data 0.001s (0.019s)	Loss 0.00946 (0.00933)
2024-11-16 18:25:36,371 Epoch: [14][100/200]	Time 0.572s (0.567s)	Speed 55.9 samples/s	Data 0.002s (0.017s)	Loss 0.01130 (0.00935)
2024-11-16 18:25:41,888 Epoch: [14][110/200]	Time 0.538s (0.566s)	Speed 59.5 samples/s	Data 0.001s (0.016s)	Loss 0.00717 (0.00938)
2024-11-16 18:25:47,377 Epoch: [14][120/200]	Time 0.558s (0.564s)	Speed 57.3 samples/s	Data 0.001s (0.015s)	Loss 0.00844 (0.00934)
2024-11-16 18:25:52,897 Epoch: [14][130/200]	Time 0.526s (0.564s)	Speed 60.8 samples/s	Data 0.001s (0.013s)	Loss 0.00749 (0.00927)
2024-11-16 18:25:59,669 Epoch: [14][140/200]	Time 0.555s (0.572s)	Speed 57.7 samples/s	Data 0.001s (0.013s)	Loss 0.00702 (0.00926)
2024-11-16 18:26:05,211 Epoch: [14][150/200]	Time 0.566s (0.570s)	Speed 56.5 samples/s	Data 0.001s (0.012s)	Loss 0.00847 (0.00921)
2024-11-16 18:26:10,851 Epoch: [14][160/200]	Time 0.556s (0.570s)	Speed 57.6 samples/s	Data 0.001s (0.011s)	Loss 0.00746 (0.00918)
2024-11-16 18:26:16,345 Epoch: [14][170/200]	Time 0.545s (0.569s)	Speed 58.7 samples/s	Data 0.001s (0.011s)	Loss 0.00904 (0.00916)
2024-11-16 18:26:21,841 Epoch: [14][180/200]	Time 0.530s (0.568s)	Speed 60.4 samples/s	Data 0.000s (0.010s)	Loss 0.00907 (0.00909)
2024-11-16 18:26:27,310 Epoch: [14][190/200]	Time 0.520s (0.567s)	Speed 61.5 samples/s	Data 0.002s (0.010s)	Loss 0.00870 (0.00907)
2024-11-16 18:26:33,640 Test: [0/200]	Time 1.224 (1.224)	Loss 0.0545 (0.0545)
2024-11-16 18:26:34,029 Test: [10/200]	Time 0.041 (0.147)	Loss 0.0266 (0.0499)
2024-11-16 18:26:34,450 Test: [20/200]	Time 0.043 (0.097)	Loss 0.0268 (0.0499)
2024-11-16 18:26:34,904 Test: [30/200]	Time 0.044 (0.080)	Loss 0.0587 (0.0539)
2024-11-16 18:26:35,357 Test: [40/200]	Time 0.045 (0.072)	Loss 0.0575 (0.0542)
2024-11-16 18:26:35,808 Test: [50/200]	Time 0.043 (0.066)	Loss 0.0925 (0.0542)
2024-11-16 18:26:36,267 Test: [60/200]	Time 0.048 (0.063)	Loss 0.0850 (0.0551)
2024-11-16 18:26:36,765 Test: [70/200]	Time 0.042 (0.061)	Loss 0.0431 (0.0556)
2024-11-16 18:26:37,234 Test: [80/200]	Time 0.042 (0.059)	Loss 0.0574 (0.0541)
2024-11-16 18:26:37,708 Test: [90/200]	Time 0.046 (0.058)	Loss 0.0883 (0.0557)
2024-11-16 18:26:38,162 Test: [100/200]	Time 0.044 (0.057)	Loss 0.0758 (0.0557)
2024-11-16 18:26:38,627 Test: [110/200]	Time 0.046 (0.056)	Loss 0.1459 (0.0565)
2024-11-16 18:26:39,096 Test: [120/200]	Time 0.049 (0.055)	Loss 0.0491 (0.0553)
2024-11-16 18:26:39,553 Test: [130/200]	Time 0.044 (0.054)	Loss 0.0393 (0.0555)
2024-11-16 18:26:39,980 Test: [140/200]	Time 0.040 (0.054)	Loss 0.0595 (0.0553)
2024-11-16 18:26:40,454 Test: [150/200]	Time 0.050 (0.053)	Loss 0.0425 (0.0541)
2024-11-16 18:26:40,874 Test: [160/200]	Time 0.044 (0.053)	Loss 0.0621 (0.0544)
2024-11-16 18:26:41,306 Test: [170/200]	Time 0.043 (0.052)	Loss 0.0371 (0.0541)
2024-11-16 18:26:41,765 Test: [180/200]	Time 0.048 (0.052)	Loss 0.0316 (0.0540)
2024-11-16 18:26:42,232 Test: [190/200]	Time 0.042 (0.051)	Loss 0.0211 (0.0539)
2024-11-16 18:26:43,657 Mean IoU score: 0.869
2024-11-16 18:26:43,664 => saving checkpoint to out
2024-11-16 18:26:45,949 Epoch: [15][0/200]	Time 2.264s (2.264s)	Speed 14.1 samples/s	Data 1.499s (1.499s)	Loss 0.00663 (0.00663)
2024-11-16 18:26:52,075 Epoch: [15][10/200]	Time 0.746s (0.763s)	Speed 42.9 samples/s	Data 0.002s (0.137s)	Loss 0.00865 (0.00773)
2024-11-16 18:26:59,746 Epoch: [15][20/200]	Time 0.632s (0.765s)	Speed 50.6 samples/s	Data 0.002s (0.073s)	Loss 0.00705 (0.00769)
2024-11-16 18:27:05,133 Epoch: [15][30/200]	Time 0.534s (0.692s)	Speed 59.9 samples/s	Data 0.001s (0.050s)	Loss 0.00797 (0.00782)
2024-11-16 18:27:10,579 Epoch: [15][40/200]	Time 0.540s (0.656s)	Speed 59.3 samples/s	Data 0.001s (0.038s)	Loss 0.00875 (0.00771)
2024-11-16 18:27:15,938 Epoch: [15][50/200]	Time 0.524s (0.632s)	Speed 61.1 samples/s	Data 0.001s (0.031s)	Loss 0.00911 (0.00773)
2024-11-16 18:27:22,183 Epoch: [15][60/200]	Time 0.726s (0.631s)	Speed 44.1 samples/s	Data 0.002s (0.026s)	Loss 0.00754 (0.00782)
2024-11-16 18:27:29,050 Epoch: [15][70/200]	Time 0.673s (0.639s)	Speed 47.5 samples/s	Data 0.001s (0.022s)	Loss 0.00618 (0.00784)
2024-11-16 18:27:35,781 Epoch: [15][80/200]	Time 0.659s (0.643s)	Speed 48.6 samples/s	Data 0.002s (0.020s)	Loss 0.00753 (0.00780)
2024-11-16 18:27:42,423 Epoch: [15][90/200]	Time 0.665s (0.645s)	Speed 48.1 samples/s	Data 0.001s (0.018s)	Loss 0.00770 (0.00784)
2024-11-16 18:27:49,041 Epoch: [15][100/200]	Time 0.664s (0.647s)	Speed 48.2 samples/s	Data 0.001s (0.016s)	Loss 0.00938 (0.00789)
2024-11-16 18:27:54,713 Epoch: [15][110/200]	Time 0.519s (0.640s)	Speed 61.7 samples/s	Data 0.001s (0.015s)	Loss 0.00584 (0.00789)
2024-11-16 18:28:00,383 Epoch: [15][120/200]	Time 0.668s (0.634s)	Speed 47.9 samples/s	Data 0.002s (0.014s)	Loss 0.00894 (0.00789)
2024-11-16 18:28:05,923 Epoch: [15][130/200]	Time 0.515s (0.628s)	Speed 62.1 samples/s	Data 0.002s (0.013s)	Loss 0.00699 (0.00786)
2024-11-16 18:28:11,505 Epoch: [15][140/200]	Time 0.554s (0.623s)	Speed 57.8 samples/s	Data 0.001s (0.012s)	Loss 0.01213 (0.00788)
2024-11-16 18:28:17,013 Epoch: [15][150/200]	Time 0.582s (0.618s)	Speed 55.0 samples/s	Data 0.001s (0.011s)	Loss 0.01100 (0.00792)
2024-11-16 18:28:22,495 Epoch: [15][160/200]	Time 0.546s (0.614s)	Speed 58.6 samples/s	Data 0.001s (0.011s)	Loss 0.00827 (0.00792)
2024-11-16 18:28:27,941 Epoch: [15][170/200]	Time 0.553s (0.610s)	Speed 57.9 samples/s	Data 0.001s (0.010s)	Loss 0.00523 (0.00791)
2024-11-16 18:28:34,028 Epoch: [15][180/200]	Time 0.574s (0.610s)	Speed 55.7 samples/s	Data 0.001s (0.010s)	Loss 0.00669 (0.00788)
2024-11-16 18:28:39,415 Epoch: [15][190/200]	Time 0.551s (0.606s)	Speed 58.1 samples/s	Data 0.001s (0.009s)	Loss 0.00637 (0.00784)
2024-11-16 18:28:45,721 Test: [0/200]	Time 1.341 (1.341)	Loss 0.0551 (0.0551)
2024-11-16 18:28:46,145 Test: [10/200]	Time 0.047 (0.160)	Loss 0.0270 (0.0488)
2024-11-16 18:28:46,582 Test: [20/200]	Time 0.046 (0.105)	Loss 0.0298 (0.0493)
2024-11-16 18:28:47,043 Test: [30/200]	Time 0.046 (0.086)	Loss 0.0536 (0.0530)
2024-11-16 18:28:47,535 Test: [40/200]	Time 0.048 (0.077)	Loss 0.0591 (0.0543)
2024-11-16 18:28:48,001 Test: [50/200]	Time 0.053 (0.071)	Loss 0.0983 (0.0537)
2024-11-16 18:28:48,485 Test: [60/200]	Time 0.047 (0.067)	Loss 0.0579 (0.0544)
2024-11-16 18:28:48,976 Test: [70/200]	Time 0.047 (0.065)	Loss 0.0406 (0.0552)
2024-11-16 18:28:49,441 Test: [80/200]	Time 0.045 (0.062)	Loss 0.0720 (0.0542)
2024-11-16 18:28:49,914 Test: [90/200]	Time 0.049 (0.061)	Loss 0.0736 (0.0561)
2024-11-16 18:28:50,365 Test: [100/200]	Time 0.040 (0.059)	Loss 0.0657 (0.0558)
2024-11-16 18:28:50,872 Test: [110/200]	Time 0.044 (0.058)	Loss 0.1577 (0.0567)
2024-11-16 18:28:51,360 Test: [120/200]	Time 0.045 (0.058)	Loss 0.0381 (0.0555)
2024-11-16 18:28:51,839 Test: [130/200]	Time 0.044 (0.057)	Loss 0.0471 (0.0556)
2024-11-16 18:28:52,327 Test: [140/200]	Time 0.037 (0.056)	Loss 0.0584 (0.0553)
2024-11-16 18:28:52,819 Test: [150/200]	Time 0.053 (0.056)	Loss 0.0393 (0.0541)
2024-11-16 18:28:53,276 Test: [160/200]	Time 0.050 (0.055)	Loss 0.0677 (0.0544)
2024-11-16 18:28:53,734 Test: [170/200]	Time 0.052 (0.055)	Loss 0.0331 (0.0540)
2024-11-16 18:28:54,210 Test: [180/200]	Time 0.050 (0.054)	Loss 0.0305 (0.0539)
2024-11-16 18:28:54,696 Test: [190/200]	Time 0.041 (0.054)	Loss 0.0208 (0.0538)
2024-11-16 18:28:56,143 Mean IoU score: 0.872
2024-11-16 18:28:56,150 => saving checkpoint to out
2024-11-16 18:28:58,515 Epoch: [16][0/200]	Time 2.344s (2.344s)	Speed 13.7 samples/s	Data 1.536s (1.536s)	Loss 0.00610 (0.00610)
2024-11-16 18:29:04,063 Epoch: [16][10/200]	Time 0.546s (0.717s)	Speed 58.6 samples/s	Data 0.001s (0.141s)	Loss 0.00678 (0.00701)
2024-11-16 18:29:09,571 Epoch: [16][20/200]	Time 0.543s (0.638s)	Speed 58.9 samples/s	Data 0.001s (0.074s)	Loss 0.00795 (0.00737)
2024-11-16 18:29:14,968 Epoch: [16][30/200]	Time 0.526s (0.606s)	Speed 60.8 samples/s	Data 0.001s (0.051s)	Loss 0.00698 (0.00730)
2024-11-16 18:29:20,414 Epoch: [16][40/200]	Time 0.541s (0.591s)	Speed 59.2 samples/s	Data 0.001s (0.039s)	Loss 0.00717 (0.00725)
2024-11-16 18:29:25,815 Epoch: [16][50/200]	Time 0.510s (0.581s)	Speed 62.7 samples/s	Data 0.001s (0.031s)	Loss 0.00812 (0.00720)
2024-11-16 18:29:31,265 Epoch: [16][60/200]	Time 0.558s (0.575s)	Speed 57.3 samples/s	Data 0.001s (0.026s)	Loss 0.00802 (0.00720)
2024-11-16 18:29:36,786 Epoch: [16][70/200]	Time 0.553s (0.572s)	Speed 57.9 samples/s	Data 0.001s (0.023s)	Loss 0.00711 (0.00721)
2024-11-16 18:29:42,190 Epoch: [16][80/200]	Time 0.540s (0.568s)	Speed 59.3 samples/s	Data 0.001s (0.020s)	Loss 0.00508 (0.00712)
2024-11-16 18:29:47,944 Epoch: [16][90/200]	Time 0.569s (0.569s)	Speed 56.2 samples/s	Data 0.002s (0.018s)	Loss 0.00807 (0.00721)
2024-11-16 18:29:53,401 Epoch: [16][100/200]	Time 0.579s (0.567s)	Speed 55.3 samples/s	Data 0.001s (0.016s)	Loss 0.00872 (0.00727)
2024-11-16 18:29:58,885 Epoch: [16][110/200]	Time 0.531s (0.565s)	Speed 60.3 samples/s	Data 0.002s (0.015s)	Loss 0.00675 (0.00727)
2024-11-16 18:30:04,287 Epoch: [16][120/200]	Time 0.548s (0.563s)	Speed 58.4 samples/s	Data 0.000s (0.014s)	Loss 0.00918 (0.00731)
2024-11-16 18:30:09,722 Epoch: [16][130/200]	Time 0.533s (0.561s)	Speed 60.0 samples/s	Data 0.001s (0.013s)	Loss 0.00651 (0.00726)
2024-11-16 18:30:15,098 Epoch: [16][140/200]	Time 0.526s (0.560s)	Speed 60.8 samples/s	Data 0.001s (0.012s)	Loss 0.00809 (0.00725)
2024-11-16 18:30:20,568 Epoch: [16][150/200]	Time 0.543s (0.559s)	Speed 58.9 samples/s	Data 0.001s (0.011s)	Loss 0.00769 (0.00724)
2024-11-16 18:30:26,035 Epoch: [16][160/200]	Time 0.539s (0.558s)	Speed 59.4 samples/s	Data 0.001s (0.011s)	Loss 0.00649 (0.00724)
2024-11-16 18:30:31,521 Epoch: [16][170/200]	Time 0.539s (0.558s)	Speed 59.4 samples/s	Data 0.002s (0.010s)	Loss 0.00896 (0.00727)
2024-11-16 18:30:37,014 Epoch: [16][180/200]	Time 0.544s (0.557s)	Speed 58.8 samples/s	Data 0.001s (0.010s)	Loss 0.00663 (0.00723)
2024-11-16 18:30:42,580 Epoch: [16][190/200]	Time 0.549s (0.557s)	Speed 58.3 samples/s	Data 0.001s (0.009s)	Loss 0.00758 (0.00724)
2024-11-16 18:30:48,988 Test: [0/200]	Time 1.319 (1.319)	Loss 0.0550 (0.0550)
2024-11-16 18:30:49,372 Test: [10/200]	Time 0.040 (0.155)	Loss 0.0223 (0.0484)
2024-11-16 18:30:49,823 Test: [20/200]	Time 0.041 (0.103)	Loss 0.0271 (0.0488)
2024-11-16 18:30:50,257 Test: [30/200]	Time 0.036 (0.083)	Loss 0.0572 (0.0525)
2024-11-16 18:30:50,751 Test: [40/200]	Time 0.090 (0.075)	Loss 0.0502 (0.0533)
2024-11-16 18:30:51,212 Test: [50/200]	Time 0.035 (0.069)	Loss 0.0949 (0.0531)
2024-11-16 18:30:51,805 Test: [60/200]	Time 0.053 (0.068)	Loss 0.0662 (0.0540)
2024-11-16 18:30:52,382 Test: [70/200]	Time 0.051 (0.066)	Loss 0.0374 (0.0544)
2024-11-16 18:30:52,934 Test: [80/200]	Time 0.049 (0.065)	Loss 0.0704 (0.0533)
2024-11-16 18:30:53,481 Test: [90/200]	Time 0.046 (0.064)	Loss 0.0852 (0.0551)
2024-11-16 18:30:53,966 Test: [100/200]	Time 0.050 (0.062)	Loss 0.0646 (0.0550)
2024-11-16 18:30:54,447 Test: [110/200]	Time 0.051 (0.061)	Loss 0.1544 (0.0559)
2024-11-16 18:30:54,892 Test: [120/200]	Time 0.038 (0.060)	Loss 0.0404 (0.0547)
2024-11-16 18:30:55,341 Test: [130/200]	Time 0.036 (0.059)	Loss 0.0466 (0.0548)
2024-11-16 18:30:55,801 Test: [140/200]	Time 0.037 (0.058)	Loss 0.0619 (0.0547)
2024-11-16 18:30:56,273 Test: [150/200]	Time 0.062 (0.057)	Loss 0.0389 (0.0536)
2024-11-16 18:30:56,723 Test: [160/200]	Time 0.035 (0.056)	Loss 0.0612 (0.0539)
2024-11-16 18:30:57,203 Test: [170/200]	Time 0.046 (0.056)	Loss 0.0346 (0.0535)
2024-11-16 18:30:57,649 Test: [180/200]	Time 0.042 (0.055)	Loss 0.0360 (0.0533)
2024-11-16 18:30:58,149 Test: [190/200]	Time 0.051 (0.055)	Loss 0.0190 (0.0532)
2024-11-16 18:30:59,601 Mean IoU score: 0.873
2024-11-16 18:30:59,609 => saving checkpoint to out
2024-11-16 18:31:02,079 Epoch: [17][0/200]	Time 2.449s (2.449s)	Speed 13.1 samples/s	Data 1.624s (1.624s)	Loss 0.00723 (0.00723)
2024-11-16 18:31:08,030 Epoch: [17][10/200]	Time 0.561s (0.764s)	Speed 57.0 samples/s	Data 0.001s (0.149s)	Loss 0.00648 (0.00622)
2024-11-16 18:31:13,445 Epoch: [17][20/200]	Time 0.574s (0.658s)	Speed 55.7 samples/s	Data 0.001s (0.078s)	Loss 0.00682 (0.00647)
2024-11-16 18:31:18,815 Epoch: [17][30/200]	Time 0.539s (0.619s)	Speed 59.4 samples/s	Data 0.001s (0.053s)	Loss 0.00663 (0.00655)
2024-11-16 18:31:24,280 Epoch: [17][40/200]	Time 0.646s (0.601s)	Speed 49.5 samples/s	Data 0.001s (0.041s)	Loss 0.00683 (0.00670)
2024-11-16 18:31:29,924 Epoch: [17][50/200]	Time 0.525s (0.594s)	Speed 61.0 samples/s	Data 0.001s (0.033s)	Loss 0.00800 (0.00678)
2024-11-16 18:31:35,383 Epoch: [17][60/200]	Time 0.567s (0.586s)	Speed 56.4 samples/s	Data 0.001s (0.028s)	Loss 0.00827 (0.00679)
2024-11-16 18:31:40,796 Epoch: [17][70/200]	Time 0.546s (0.580s)	Speed 58.6 samples/s	Data 0.001s (0.024s)	Loss 0.00606 (0.00679)
2024-11-16 18:31:46,296 Epoch: [17][80/200]	Time 0.546s (0.576s)	Speed 58.6 samples/s	Data 0.001s (0.021s)	Loss 0.00820 (0.00678)
2024-11-16 18:31:51,986 Epoch: [17][90/200]	Time 0.517s (0.575s)	Speed 61.9 samples/s	Data 0.001s (0.019s)	Loss 0.00708 (0.00679)
2024-11-16 18:31:57,433 Epoch: [17][100/200]	Time 0.529s (0.572s)	Speed 60.5 samples/s	Data 0.001s (0.017s)	Loss 0.00560 (0.00674)
2024-11-16 18:32:02,920 Epoch: [17][110/200]	Time 0.517s (0.570s)	Speed 61.9 samples/s	Data 0.001s (0.016s)	Loss 0.00513 (0.00679)
2024-11-16 18:32:08,391 Epoch: [17][120/200]	Time 0.535s (0.568s)	Speed 59.8 samples/s	Data 0.000s (0.015s)	Loss 0.00660 (0.00679)
2024-11-16 18:32:13,794 Epoch: [17][130/200]	Time 0.550s (0.566s)	Speed 58.2 samples/s	Data 0.001s (0.014s)	Loss 0.00759 (0.00679)
2024-11-16 18:32:19,118 Epoch: [17][140/200]	Time 0.517s (0.564s)	Speed 61.9 samples/s	Data 0.001s (0.013s)	Loss 0.00558 (0.00676)
2024-11-16 18:32:24,599 Epoch: [17][150/200]	Time 0.531s (0.563s)	Speed 60.3 samples/s	Data 0.001s (0.012s)	Loss 0.00521 (0.00677)
2024-11-16 18:32:30,029 Epoch: [17][160/200]	Time 0.560s (0.561s)	Speed 57.1 samples/s	Data 0.001s (0.011s)	Loss 0.00739 (0.00679)
2024-11-16 18:32:35,440 Epoch: [17][170/200]	Time 0.552s (0.560s)	Speed 58.0 samples/s	Data 0.001s (0.011s)	Loss 0.00724 (0.00682)
2024-11-16 18:32:40,857 Epoch: [17][180/200]	Time 0.535s (0.559s)	Speed 59.8 samples/s	Data 0.001s (0.010s)	Loss 0.00600 (0.00681)
2024-11-16 18:32:46,202 Epoch: [17][190/200]	Time 0.553s (0.558s)	Speed 57.9 samples/s	Data 0.001s (0.010s)	Loss 0.00671 (0.00680)
2024-11-16 18:32:52,541 Test: [0/200]	Time 1.292 (1.292)	Loss 0.0615 (0.0615)
2024-11-16 18:32:52,911 Test: [10/200]	Time 0.036 (0.151)	Loss 0.0308 (0.0510)
2024-11-16 18:32:53,366 Test: [20/200]	Time 0.035 (0.101)	Loss 0.0278 (0.0504)
2024-11-16 18:32:53,808 Test: [30/200]	Time 0.038 (0.083)	Loss 0.0644 (0.0552)
2024-11-16 18:32:54,261 Test: [40/200]	Time 0.039 (0.073)	Loss 0.0556 (0.0557)
2024-11-16 18:32:54,760 Test: [50/200]	Time 0.049 (0.069)	Loss 0.0969 (0.0552)
2024-11-16 18:32:55,219 Test: [60/200]	Time 0.044 (0.065)	Loss 0.0704 (0.0562)
2024-11-16 18:32:55,669 Test: [70/200]	Time 0.036 (0.062)	Loss 0.0424 (0.0571)
2024-11-16 18:32:56,160 Test: [80/200]	Time 0.047 (0.061)	Loss 0.0663 (0.0558)
2024-11-16 18:32:56,639 Test: [90/200]	Time 0.052 (0.059)	Loss 0.0871 (0.0575)
2024-11-16 18:32:57,068 Test: [100/200]	Time 0.047 (0.058)	Loss 0.0730 (0.0573)
2024-11-16 18:32:57,537 Test: [110/200]	Time 0.044 (0.057)	Loss 0.1546 (0.0580)
2024-11-16 18:32:57,974 Test: [120/200]	Time 0.035 (0.056)	Loss 0.0428 (0.0569)
2024-11-16 18:32:58,414 Test: [130/200]	Time 0.044 (0.055)	Loss 0.0462 (0.0571)
2024-11-16 18:32:58,872 Test: [140/200]	Time 0.048 (0.054)	Loss 0.0699 (0.0569)
2024-11-16 18:32:59,320 Test: [150/200]	Time 0.035 (0.053)	Loss 0.0426 (0.0556)
2024-11-16 18:32:59,781 Test: [160/200]	Time 0.050 (0.053)	Loss 0.0615 (0.0557)
2024-11-16 18:33:00,251 Test: [170/200]	Time 0.047 (0.053)	Loss 0.0337 (0.0553)
2024-11-16 18:33:00,699 Test: [180/200]	Time 0.038 (0.052)	Loss 0.0356 (0.0552)
2024-11-16 18:33:01,170 Test: [190/200]	Time 0.049 (0.052)	Loss 0.0193 (0.0549)
2024-11-16 18:33:02,625 Mean IoU score: 0.872
2024-11-16 18:33:02,632 => saving checkpoint to out
2024-11-16 18:33:05,043 Epoch: [18][0/200]	Time 2.366s (2.366s)	Speed 13.5 samples/s	Data 1.590s (1.590s)	Loss 0.00704 (0.00704)
2024-11-16 18:33:10,669 Epoch: [18][10/200]	Time 0.616s (0.726s)	Speed 51.9 samples/s	Data 0.001s (0.146s)	Loss 0.00548 (0.00674)
2024-11-16 18:33:16,201 Epoch: [18][20/200]	Time 0.565s (0.644s)	Speed 56.6 samples/s	Data 0.001s (0.077s)	Loss 0.00841 (0.00673)
2024-11-16 18:33:21,694 Epoch: [18][30/200]	Time 0.564s (0.613s)	Speed 56.7 samples/s	Data 0.001s (0.053s)	Loss 0.00614 (0.00650)
2024-11-16 18:33:27,104 Epoch: [18][40/200]	Time 0.516s (0.596s)	Speed 62.0 samples/s	Data 0.001s (0.040s)	Loss 0.00830 (0.00647)
2024-11-16 18:33:32,628 Epoch: [18][50/200]	Time 0.537s (0.587s)	Speed 59.6 samples/s	Data 0.002s (0.032s)	Loss 0.00595 (0.00639)
2024-11-16 18:33:38,676 Epoch: [18][60/200]	Time 0.559s (0.590s)	Speed 57.2 samples/s	Data 0.001s (0.027s)	Loss 0.00465 (0.00637)
2024-11-16 18:33:44,099 Epoch: [18][70/200]	Time 0.538s (0.583s)	Speed 59.5 samples/s	Data 0.001s (0.024s)	Loss 0.00693 (0.00633)
2024-11-16 18:33:49,620 Epoch: [18][80/200]	Time 0.566s (0.580s)	Speed 56.5 samples/s	Data 0.001s (0.021s)	Loss 0.00619 (0.00628)
2024-11-16 18:33:55,096 Epoch: [18][90/200]	Time 0.532s (0.576s)	Speed 60.2 samples/s	Data 0.001s (0.019s)	Loss 0.00561 (0.00635)
2024-11-16 18:34:00,678 Epoch: [18][100/200]	Time 0.581s (0.574s)	Speed 55.1 samples/s	Data 0.001s (0.017s)	Loss 0.00746 (0.00633)
2024-11-16 18:34:06,189 Epoch: [18][110/200]	Time 0.590s (0.572s)	Speed 54.2 samples/s	Data 0.001s (0.016s)	Loss 0.00747 (0.00636)
2024-11-16 18:34:11,555 Epoch: [18][120/200]	Time 0.535s (0.569s)	Speed 59.8 samples/s	Data 0.001s (0.014s)	Loss 0.00647 (0.00637)
2024-11-16 18:34:16,977 Epoch: [18][130/200]	Time 0.542s (0.567s)	Speed 59.0 samples/s	Data 0.001s (0.013s)	Loss 0.00777 (0.00638)
2024-11-16 18:34:23,208 Epoch: [18][140/200]	Time 0.542s (0.571s)	Speed 59.0 samples/s	Data 0.001s (0.013s)	Loss 0.00527 (0.00641)
2024-11-16 18:34:28,679 Epoch: [18][150/200]	Time 0.533s (0.570s)	Speed 60.0 samples/s	Data 0.001s (0.012s)	Loss 0.00599 (0.00640)
2024-11-16 18:34:34,405 Epoch: [18][160/200]	Time 0.597s (0.570s)	Speed 53.6 samples/s	Data 0.001s (0.011s)	Loss 0.00508 (0.00643)
2024-11-16 18:34:39,806 Epoch: [18][170/200]	Time 0.516s (0.568s)	Speed 62.0 samples/s	Data 0.001s (0.011s)	Loss 0.00722 (0.00644)
2024-11-16 18:34:45,360 Epoch: [18][180/200]	Time 0.536s (0.567s)	Speed 59.7 samples/s	Data 0.001s (0.010s)	Loss 0.00765 (0.00645)
2024-11-16 18:34:50,928 Epoch: [18][190/200]	Time 0.560s (0.567s)	Speed 57.1 samples/s	Data 0.001s (0.010s)	Loss 0.00679 (0.00644)
2024-11-16 18:34:57,396 Test: [0/200]	Time 1.270 (1.270)	Loss 0.0579 (0.0579)
2024-11-16 18:34:57,783 Test: [10/200]	Time 0.042 (0.151)	Loss 0.0289 (0.0511)
2024-11-16 18:34:58,247 Test: [20/200]	Time 0.047 (0.101)	Loss 0.0308 (0.0525)
2024-11-16 18:34:58,705 Test: [30/200]	Time 0.044 (0.083)	Loss 0.0657 (0.0553)
2024-11-16 18:34:59,145 Test: [40/200]	Time 0.043 (0.074)	Loss 0.0587 (0.0563)
2024-11-16 18:34:59,600 Test: [50/200]	Time 0.042 (0.068)	Loss 0.0942 (0.0554)
2024-11-16 18:35:00,072 Test: [60/200]	Time 0.048 (0.065)	Loss 0.0709 (0.0566)
2024-11-16 18:35:00,517 Test: [70/200]	Time 0.048 (0.062)	Loss 0.0384 (0.0570)
2024-11-16 18:35:00,966 Test: [80/200]	Time 0.036 (0.060)	Loss 0.0689 (0.0560)
2024-11-16 18:35:01,420 Test: [90/200]	Time 0.051 (0.058)	Loss 0.0787 (0.0580)
2024-11-16 18:35:01,856 Test: [100/200]	Time 0.036 (0.057)	Loss 0.0645 (0.0577)
2024-11-16 18:35:02,336 Test: [110/200]	Time 0.045 (0.056)	Loss 0.1509 (0.0584)
2024-11-16 18:35:02,780 Test: [120/200]	Time 0.034 (0.055)	Loss 0.0429 (0.0572)
2024-11-16 18:35:03,231 Test: [130/200]	Time 0.046 (0.054)	Loss 0.0542 (0.0574)
2024-11-16 18:35:03,684 Test: [140/200]	Time 0.036 (0.054)	Loss 0.0602 (0.0571)
2024-11-16 18:35:04,119 Test: [150/200]	Time 0.036 (0.053)	Loss 0.0441 (0.0561)
2024-11-16 18:35:04,545 Test: [160/200]	Time 0.045 (0.052)	Loss 0.0672 (0.0566)
2024-11-16 18:35:05,013 Test: [170/200]	Time 0.046 (0.052)	Loss 0.0298 (0.0562)
2024-11-16 18:35:05,429 Test: [180/200]	Time 0.036 (0.051)	Loss 0.0341 (0.0559)
2024-11-16 18:35:05,858 Test: [190/200]	Time 0.042 (0.051)	Loss 0.0201 (0.0556)
2024-11-16 18:35:07,335 Mean IoU score: 0.871
2024-11-16 18:35:07,342 => saving checkpoint to out
2024-11-16 18:35:09,735 Epoch: [19][0/200]	Time 2.377s (2.377s)	Speed 13.5 samples/s	Data 1.598s (1.598s)	Loss 0.00705 (0.00705)
2024-11-16 18:35:15,237 Epoch: [19][10/200]	Time 0.513s (0.716s)	Speed 62.4 samples/s	Data 0.001s (0.146s)	Loss 0.00740 (0.00630)
2024-11-16 18:35:20,595 Epoch: [19][20/200]	Time 0.548s (0.630s)	Speed 58.4 samples/s	Data 0.001s (0.077s)	Loss 0.00570 (0.00606)
2024-11-16 18:35:25,994 Epoch: [19][30/200]	Time 0.531s (0.601s)	Speed 60.3 samples/s	Data 0.001s (0.053s)	Loss 0.00711 (0.00612)
2024-11-16 18:35:31,483 Epoch: [19][40/200]	Time 0.565s (0.588s)	Speed 56.6 samples/s	Data 0.001s (0.040s)	Loss 0.00504 (0.00606)
2024-11-16 18:35:36,956 Epoch: [19][50/200]	Time 0.541s (0.580s)	Speed 59.2 samples/s	Data 0.002s (0.032s)	Loss 0.00659 (0.00610)
2024-11-16 18:35:42,466 Epoch: [19][60/200]	Time 0.554s (0.576s)	Speed 57.8 samples/s	Data 0.001s (0.027s)	Loss 0.00633 (0.00608)
2024-11-16 18:35:47,864 Epoch: [19][70/200]	Time 0.537s (0.570s)	Speed 59.6 samples/s	Data 0.002s (0.024s)	Loss 0.00569 (0.00605)
2024-11-16 18:35:53,359 Epoch: [19][80/200]	Time 0.563s (0.568s)	Speed 56.8 samples/s	Data 0.001s (0.021s)	Loss 0.00634 (0.00608)
2024-11-16 18:35:58,888 Epoch: [19][90/200]	Time 0.577s (0.566s)	Speed 55.5 samples/s	Data 0.001s (0.019s)	Loss 0.00642 (0.00613)
2024-11-16 18:36:04,454 Epoch: [19][100/200]	Time 0.587s (0.565s)	Speed 54.5 samples/s	Data 0.001s (0.017s)	Loss 0.00775 (0.00613)
2024-11-16 18:36:10,004 Epoch: [19][110/200]	Time 0.652s (0.564s)	Speed 49.1 samples/s	Data 0.002s (0.016s)	Loss 0.00591 (0.00613)
2024-11-16 18:36:15,863 Epoch: [19][120/200]	Time 0.562s (0.566s)	Speed 56.9 samples/s	Data 0.002s (0.014s)	Loss 0.00584 (0.00612)
2024-11-16 18:36:21,255 Epoch: [19][130/200]	Time 0.545s (0.564s)	Speed 58.7 samples/s	Data 0.001s (0.013s)	Loss 0.00664 (0.00613)
2024-11-16 18:36:26,685 Epoch: [19][140/200]	Time 0.512s (0.563s)	Speed 62.5 samples/s	Data 0.002s (0.013s)	Loss 0.00538 (0.00620)
2024-11-16 18:36:32,136 Epoch: [19][150/200]	Time 0.517s (0.561s)	Speed 61.9 samples/s	Data 0.001s (0.012s)	Loss 0.00659 (0.00622)
2024-11-16 18:36:37,551 Epoch: [19][160/200]	Time 0.551s (0.560s)	Speed 58.1 samples/s	Data 0.001s (0.011s)	Loss 0.00762 (0.00624)
2024-11-16 18:36:43,085 Epoch: [19][170/200]	Time 0.516s (0.560s)	Speed 62.0 samples/s	Data 0.001s (0.011s)	Loss 0.00537 (0.00624)
2024-11-16 18:36:48,525 Epoch: [19][180/200]	Time 0.524s (0.559s)	Speed 61.1 samples/s	Data 0.001s (0.010s)	Loss 0.00714 (0.00624)
2024-11-16 18:36:55,909 Epoch: [19][190/200]	Time 0.829s (0.568s)	Speed 38.6 samples/s	Data 0.002s (0.010s)	Loss 0.00679 (0.00627)
2024-11-16 18:37:02,413 Test: [0/200]	Time 1.279 (1.279)	Loss 0.0630 (0.0630)
2024-11-16 18:37:02,803 Test: [10/200]	Time 0.034 (0.152)	Loss 0.0249 (0.0510)
2024-11-16 18:37:03,251 Test: [20/200]	Time 0.070 (0.101)	Loss 0.0253 (0.0516)
2024-11-16 18:37:03,710 Test: [30/200]	Time 0.042 (0.083)	Loss 0.0746 (0.0575)
2024-11-16 18:37:04,169 Test: [40/200]	Time 0.048 (0.074)	Loss 0.0540 (0.0586)
2024-11-16 18:37:04,616 Test: [50/200]	Time 0.052 (0.068)	Loss 0.0970 (0.0581)
2024-11-16 18:37:05,096 Test: [60/200]	Time 0.047 (0.065)	Loss 0.0713 (0.0592)
2024-11-16 18:37:05,547 Test: [70/200]	Time 0.052 (0.062)	Loss 0.0361 (0.0596)
2024-11-16 18:37:05,986 Test: [80/200]	Time 0.039 (0.060)	Loss 0.0915 (0.0586)
2024-11-16 18:37:06,436 Test: [90/200]	Time 0.049 (0.058)	Loss 0.0827 (0.0600)
2024-11-16 18:37:06,904 Test: [100/200]	Time 0.047 (0.057)	Loss 0.0741 (0.0599)
2024-11-16 18:37:07,419 Test: [110/200]	Time 0.042 (0.057)	Loss 0.1665 (0.0605)
2024-11-16 18:37:07,884 Test: [120/200]	Time 0.036 (0.056)	Loss 0.0446 (0.0595)
2024-11-16 18:37:08,337 Test: [130/200]	Time 0.039 (0.055)	Loss 0.0481 (0.0597)
2024-11-16 18:37:08,793 Test: [140/200]	Time 0.039 (0.054)	Loss 0.0691 (0.0596)
2024-11-16 18:37:09,240 Test: [150/200]	Time 0.036 (0.054)	Loss 0.0446 (0.0583)
2024-11-16 18:37:09,708 Test: [160/200]	Time 0.043 (0.053)	Loss 0.0631 (0.0587)
2024-11-16 18:37:10,166 Test: [170/200]	Time 0.043 (0.053)	Loss 0.0398 (0.0581)
2024-11-16 18:37:10,627 Test: [180/200]	Time 0.051 (0.052)	Loss 0.0375 (0.0578)
2024-11-16 18:37:11,076 Test: [190/200]	Time 0.046 (0.052)	Loss 0.0198 (0.0575)
2024-11-16 18:37:12,531 Mean IoU score: 0.867
2024-11-16 18:37:12,540 => saving checkpoint to out
2024-11-16 18:37:12,557 saving final model state to out\final_state.pth.tar
